Using pre-set license
Built from '2022.3/staging' branch; Version is '2022.3.56f1 (dd0c98481d00) revision 14486680'; Using compiler version '192829333'; Build Type 'Release'
OS: 'Windows 11  (10.0.26100) 64bit Core' Language: 'en' Physical Memory: 32507 MB
BatchMode: 1, IsHumanControllingUs: 0, StartBugReporterOnCrash: 0, Is64bit: 1, IsPro: 1

COMMAND LINE ARGUMENTS:
C:\Program Files\Unity\Hub\Editor\2022.3.56f1\Editor\Unity.exe
-adb2
-batchMode
-noUpm
-name
AssetImportWorker16
-projectPath
C:/Github/DMIT2017/AyushThakurFinalDemo
-logFile
Logs/AssetImportWorker16.log
-srvPort
58147
Successfully changed project path to: C:/Github/DMIT2017/AyushThakurFinalDemo
C:/Github/DMIT2017/AyushThakurFinalDemo
[UnityMemory] Configuration Parameters - Can be set up in boot.config
    "memorysetup-bucket-allocator-granularity=16"
    "memorysetup-bucket-allocator-bucket-count=8"
    "memorysetup-bucket-allocator-block-size=33554432"
    "memorysetup-bucket-allocator-block-count=8"
    "memorysetup-main-allocator-block-size=16777216"
    "memorysetup-thread-allocator-block-size=16777216"
    "memorysetup-gfx-main-allocator-block-size=16777216"
    "memorysetup-gfx-thread-allocator-block-size=16777216"
    "memorysetup-cache-allocator-block-size=4194304"
    "memorysetup-typetree-allocator-block-size=2097152"
    "memorysetup-profiler-bucket-allocator-granularity=16"
    "memorysetup-profiler-bucket-allocator-bucket-count=8"
    "memorysetup-profiler-bucket-allocator-block-size=33554432"
    "memorysetup-profiler-bucket-allocator-block-count=8"
    "memorysetup-profiler-allocator-block-size=16777216"
    "memorysetup-profiler-editor-allocator-block-size=1048576"
    "memorysetup-temp-allocator-size-main=16777216"
    "memorysetup-job-temp-allocator-block-size=2097152"
    "memorysetup-job-temp-allocator-block-size-background=1048576"
    "memorysetup-job-temp-allocator-reduction-small-platforms=262144"
    "memorysetup-allocator-temp-initial-block-size-main=262144"
    "memorysetup-allocator-temp-initial-block-size-worker=262144"
    "memorysetup-temp-allocator-size-background-worker=32768"
    "memorysetup-temp-allocator-size-job-worker=262144"
    "memorysetup-temp-allocator-size-preload-manager=33554432"
    "memorysetup-temp-allocator-size-nav-mesh-worker=65536"
    "memorysetup-temp-allocator-size-audio-worker=65536"
    "memorysetup-temp-allocator-size-cloud-worker=32768"
    "memorysetup-temp-allocator-size-gi-baking-worker=262144"
    "memorysetup-temp-allocator-size-gfx=262144"
Player connection [46256]  Target information:

Player connection [46256]  * "[IP] 10.0.0.132 [Port] 0 [Flags] 2 [Guid] 445355213 [EditorId] 445355213 [Version] 1048832 [Id] WindowsEditor(7,xTrEmEgOd) [Debug] 1 [PackageName] WindowsEditor [ProjectName] Editor" 

Player connection [46256] Host joined multi-casting on [225.0.0.222:54997]...
Player connection [46256] Host joined alternative multi-casting on [225.0.0.222:34997]...
Input System module state changed to: Initialized.
[PhysX] Initialized MultithreadedTaskDispatcher with 32 workers.
Refreshing native plugins compatible for Editor in 5.52 ms, found 3 plugins.
Preloading 0 native plugins for Editor in 0.00 ms.
Initialize engine version: 2022.3.56f1 (dd0c98481d00)
[Subsystems] Discovering subsystems at path C:/Program Files/Unity/Hub/Editor/2022.3.56f1/Editor/Data/Resources/UnitySubsystems
[Subsystems] Discovering subsystems at path C:/Github/DMIT2017/AyushThakurFinalDemo/Assets
GfxDevice: creating device client; threaded=0; jobified=0
Direct3D:
    Version:  Direct3D 11.0 [level 11.1]
    Renderer: NVIDIA GeForce RTX 4090 Laptop GPU (ID=0x2757)
    Vendor:   NVIDIA
    VRAM:     16050 MB
    Driver:   32.0.15.7270
Initialize mono
Mono path[0] = 'C:/Program Files/Unity/Hub/Editor/2022.3.56f1/Editor/Data/Managed'
Mono path[1] = 'C:/Program Files/Unity/Hub/Editor/2022.3.56f1/Editor/Data/MonoBleedingEdge/lib/mono/unityjit-win32'
Mono config path = 'C:/Program Files/Unity/Hub/Editor/2022.3.56f1/Editor/Data/MonoBleedingEdge/etc'
Using monoOptions --debugger-agent=transport=dt_socket,embedding=1,server=y,suspend=n,address=127.0.0.1:56880
Begin MonoManager ReloadAssembly
Registering precompiled unity dll's ...
Register platform support module: C:/Program Files/Unity/Hub/Editor/2022.3.56f1/Editor/Data/PlaybackEngines/WindowsStandaloneSupport/UnityEditor.WindowsStandalone.Extensions.dll
Registered in 0.004761 seconds.
- Loaded All Assemblies, in  0.222 seconds
Native extension for WindowsStandalone target not found
Mono: successfully reloaded assembly
- Finished resetting the current domain, in  0.159 seconds
Domain Reload Profiling: 380ms
	BeginReloadAssembly (70ms)
		ExecutionOrderSort (0ms)
		DisableScriptedObjects (0ms)
		BackupInstance (0ms)
		ReleaseScriptingObjects (0ms)
		CreateAndSetChildDomain (1ms)
	RebuildCommonClasses (22ms)
	RebuildNativeTypeToScriptingClass (6ms)
	initialDomainReloadingComplete (39ms)
	LoadAllAssembliesAndSetupDomain (83ms)
		LoadAssemblies (69ms)
		RebuildTransferFunctionScriptingTraits (0ms)
		AnalyzeDomain (82ms)
			TypeCache.Refresh (81ms)
				TypeCache.ScanAssembly (71ms)
			ScanForSourceGeneratedMonoScriptInfo (0ms)
			ResolveRequiredComponents (0ms)
	FinalizeReload (159ms)
		ReleaseScriptCaches (0ms)
		RebuildScriptCaches (0ms)
		SetupLoadedEditorAssemblies (131ms)
			LogAssemblyErrors (0ms)
			InitializePlatformSupportModulesInManaged (6ms)
			SetLoadedEditorAssemblies (5ms)
			RefreshPlugins (0ms)
			BeforeProcessingInitializeOnLoad (1ms)
			ProcessInitializeOnLoadAttributes (92ms)
			ProcessInitializeOnLoadMethodAttributes (27ms)
			AfterProcessingInitializeOnLoad (0ms)
			EditorAssembliesLoaded (0ms)
		ExecutionOrderSort2 (0ms)
		AwakeInstancesAfterBackupRestoration (0ms)
========================================================================
Worker process is ready to serve import requests
Caller must complete domain reload
Begin MonoManager ReloadAssembly
- Loaded All Assemblies, in  0.369 seconds
Native extension for WindowsStandalone target not found
Mono: successfully reloaded assembly
- Finished resetting the current domain, in  0.327 seconds
Domain Reload Profiling: 694ms
	BeginReloadAssembly (85ms)
		ExecutionOrderSort (0ms)
		DisableScriptedObjects (3ms)
		BackupInstance (0ms)
		ReleaseScriptingObjects (0ms)
		CreateAndSetChildDomain (12ms)
	RebuildCommonClasses (19ms)
	RebuildNativeTypeToScriptingClass (5ms)
	initialDomainReloadingComplete (25ms)
	LoadAllAssembliesAndSetupDomain (232ms)
		LoadAssemblies (177ms)
		RebuildTransferFunctionScriptingTraits (0ms)
		AnalyzeDomain (104ms)
			TypeCache.Refresh (91ms)
				TypeCache.ScanAssembly (81ms)
			ScanForSourceGeneratedMonoScriptInfo (9ms)
			ResolveRequiredComponents (3ms)
	FinalizeReload (328ms)
		ReleaseScriptCaches (0ms)
		RebuildScriptCaches (0ms)
		SetupLoadedEditorAssemblies (250ms)
			LogAssemblyErrors (0ms)
			InitializePlatformSupportModulesInManaged (4ms)
			SetLoadedEditorAssemblies (2ms)
			RefreshPlugins (0ms)
			BeforeProcessingInitializeOnLoad (35ms)
			ProcessInitializeOnLoadAttributes (193ms)
			ProcessInitializeOnLoadMethodAttributes (12ms)
			AfterProcessingInitializeOnLoad (5ms)
			EditorAssembliesLoaded (0ms)
		ExecutionOrderSort2 (0ms)
		AwakeInstancesAfterBackupRestoration (4ms)
Launched and connected shader compiler UnityShaderCompiler.exe after 0.03 seconds
Refreshing native plugins compatible for Editor in 2.40 ms, found 3 plugins.
Preloading 0 native plugins for Editor in 0.00 ms.
Unloading 3176 Unused Serialized files (Serialized files now loaded: 0)
Unloading 27 unused Assets / (474.4 KB). Loaded Objects now: 3655.
Memory consumption went from 138.9 MB to 138.5 MB.
Total: 5.226600 ms (FindLiveObjects: 0.288300 ms CreateObjectMapping: 0.103100 ms MarkObjects: 4.604100 ms  DeleteObjects: 0.229900 ms)

AssetImportParameters requested are different than current active one (requested -> active):
  custom:scripting/monoscript/fileName/NPCConversations.cs: e7b453f49e0ecc974ee4610f5df016d2 -> c325f2dfe320ed760ee367e93c7343e9
  custom:scripting/monoscript/fileName/DontDestroyBulletSound.cs: 27eea3d677e22602559315e38ece0ddf -> dd7f7a0f5da576c9bd042e2d999f2f87
  custom:container-demuxer-ogg: 62fdf1f143b41e24485cea50d1cbac27 -> 
  custom:video-codec-MediaFoundation-h265: 746d11721c4dcdbdad8f713fa42b33f4 -> 
  custom:video-decoder-ogg-theora: a1e56fd34408186e4bbccfd4996cb3dc -> 
  custom:framework-win-MediaFoundation: 216162199b28c13a410421893ffa2e32 -> 
  custom:scripting/monoscript/fileName/DontDestroyOnLoad.cs: dbe9367a862691b5385a97d4e47fc1de -> a20da4ab4d72b2746f62834b60d249c4
  custom:CustomObjectIndexerAttribute: 9a22284fe3817be447336de3de66b15e -> 
  custom:container-demuxer-webm: 4f35f7cbe854078d1ac9338744f61a02 -> 
  custom:scripting/monoscript/fileName/DestroyFence.cs: dff2e27bd40dcd712db6dd2d62a45775 -> d2cb84dacc9ca32d4ebb690c179d1209
  custom:scripting/monoscript/fileName/MusicAndSFX.cs: 8b341cf5e8717c7b42c626c10fc2d3f3 -> 2acc5be66e8488d65aa2bff625b76d27
  custom:container-muxer-webm: aa71ff27fc2769a1b78a27578f13a17b -> 
  custom:video-decoder-webm-vp8: 9c59270c3fd7afecdb556c50c9e8de78 -> 
  custom:SearchIndexIgnoredProperties: e643bd26f0fe6173181afceb89e7c659 -> 
  custom:AudioImporter_EditorPlatform: d09bf68614088b80899f8185d706f6e7 -> 
  custom:scripting/monoscript/fileName/quitApp.cs: 36ee526b8693548ceffa5fc433b4a867 -> d31e27c6ab3e83ab8d3efc5db2ce5f18
  custom:scripting/monoscript/fileName/DontDestroyMusic.cs: 19aa6f090a3fe0f598f9161c99a08d0b -> c9f401c9ab0c8c78ac8bf7528d8078a8
  custom:scripting/monoscript/fileName/NPCColor.cs: 93475bed20f9110d24f8617dcf8856d5 -> c58c305e85223665f6df19bf0e5b7c78
  custom:scripting/monoscript/fileName/PowerUp.cs: 742fbdfa71baaaf8faeb5cd15c97d499 -> f15b9ebfef18a6c65d9e3e5db527cf70
  custom:video-encoder-webm-vp8: eb34c28f22e8b96e1ab97ce403110664 -> 
  custom:audio-decoder-ogg-vorbis: bf7c407c2cedff20999df2af8eb42d56 -> 
  custom:scripting/monoscript/fileName/HidePanel.cs: 1dde27386449f34caff34fe63e0ff995 -> e5f118908a9613f24e84491e5a5e6fa3
  custom:scripting/monoscript/fileName/NPCConversation2.cs: b7ff32a5341aa45ddc588fb90d7d34e7 -> 3b596464fe8755d6a086a31a81d9d73e
  custom:scripting/monoscript/fileName/NPCConversation3.cs: 2136d3203dc14745cc5475c4a699eacd -> 347e1dd78763a0ecaac84b452b6b03ae
  custom:audio-encoder-webm-vorbis: bf7c407c2cedff20999df2af8eb42d56 -> 
  custom:scripting/monoscript/fileName/DestroyFenceAfterMeetingNPC.cs: 188bb86157f0f45efbb1747c0003b714 -> 5c6826ab649208ee32816bfc4453d142
========================================================================
Received Prepare
Caller must complete domain reload
Begin MonoManager ReloadAssembly
- Loaded All Assemblies, in  0.280 seconds
Native extension for WindowsStandalone target not found
Mono: successfully reloaded assembly
- Finished resetting the current domain, in  0.601 seconds
Domain Reload Profiling: 879ms
	BeginReloadAssembly (103ms)
		ExecutionOrderSort (0ms)
		DisableScriptedObjects (3ms)
		BackupInstance (0ms)
		ReleaseScriptingObjects (0ms)
		CreateAndSetChildDomain (19ms)
	RebuildCommonClasses (21ms)
	RebuildNativeTypeToScriptingClass (7ms)
	initialDomainReloadingComplete (18ms)
	LoadAllAssembliesAndSetupDomain (128ms)
		LoadAssemblies (176ms)
		RebuildTransferFunctionScriptingTraits (0ms)
		AnalyzeDomain (10ms)
			TypeCache.Refresh (4ms)
				TypeCache.ScanAssembly (0ms)
			ScanForSourceGeneratedMonoScriptInfo (0ms)
			ResolveRequiredComponents (4ms)
	FinalizeReload (601ms)
		ReleaseScriptCaches (0ms)
		RebuildScriptCaches (0ms)
		SetupLoadedEditorAssemblies (304ms)
			LogAssemblyErrors (0ms)
			InitializePlatformSupportModulesInManaged (6ms)
			SetLoadedEditorAssemblies (3ms)
			RefreshPlugins (0ms)
			BeforeProcessingInitializeOnLoad (46ms)
			ProcessInitializeOnLoadAttributes (227ms)
			ProcessInitializeOnLoadMethodAttributes (16ms)
			AfterProcessingInitializeOnLoad (6ms)
			EditorAssembliesLoaded (0ms)
		ExecutionOrderSort2 (0ms)
		AwakeInstancesAfterBackupRestoration (6ms)
Refreshing native plugins compatible for Editor in 4.48 ms, found 3 plugins.
Preloading 0 native plugins for Editor in 0.00 ms.
Unloading 3164 Unused Serialized files (Serialized files now loaded: 0)
Unloading 22 unused Assets / (447.0 KB). Loaded Objects now: 3658.
Memory consumption went from 136.9 MB to 136.5 MB.
Total: 4.069100 ms (FindLiveObjects: 0.242100 ms CreateObjectMapping: 0.092300 ms MarkObjects: 3.384800 ms  DeleteObjects: 0.348400 ms)

Prepare: number of updated asset objects reloaded= 0
AssetImportParameters requested are different than current active one (requested -> active):
  custom:scripting/monoscript/fileName/NPCConversations.cs: e7b453f49e0ecc974ee4610f5df016d2 -> c325f2dfe320ed760ee367e93c7343e9
  custom:scripting/monoscript/fileName/DontDestroyBulletSound.cs: 27eea3d677e22602559315e38ece0ddf -> dd7f7a0f5da576c9bd042e2d999f2f87
  custom:container-demuxer-ogg: 62fdf1f143b41e24485cea50d1cbac27 -> 
  custom:video-codec-MediaFoundation-h265: 746d11721c4dcdbdad8f713fa42b33f4 -> 
  custom:video-decoder-ogg-theora: a1e56fd34408186e4bbccfd4996cb3dc -> 
  custom:framework-win-MediaFoundation: 216162199b28c13a410421893ffa2e32 -> 
  custom:scripting/monoscript/fileName/DontDestroyOnLoad.cs: dbe9367a862691b5385a97d4e47fc1de -> a20da4ab4d72b2746f62834b60d249c4
  custom:CustomObjectIndexerAttribute: 9a22284fe3817be447336de3de66b15e -> 
  custom:container-demuxer-webm: 4f35f7cbe854078d1ac9338744f61a02 -> 
  custom:scripting/monoscript/fileName/DestroyFence.cs: dff2e27bd40dcd712db6dd2d62a45775 -> d2cb84dacc9ca32d4ebb690c179d1209
  custom:scripting/monoscript/fileName/MusicAndSFX.cs: 8b341cf5e8717c7b42c626c10fc2d3f3 -> 2acc5be66e8488d65aa2bff625b76d27
  custom:container-muxer-webm: aa71ff27fc2769a1b78a27578f13a17b -> 
  custom:video-decoder-webm-vp8: 9c59270c3fd7afecdb556c50c9e8de78 -> 
  custom:SearchIndexIgnoredProperties: e643bd26f0fe6173181afceb89e7c659 -> 
  custom:AudioImporter_EditorPlatform: d09bf68614088b80899f8185d706f6e7 -> 
  custom:scripting/monoscript/fileName/quitApp.cs: 36ee526b8693548ceffa5fc433b4a867 -> d31e27c6ab3e83ab8d3efc5db2ce5f18
  custom:scripting/monoscript/fileName/DontDestroyMusic.cs: 19aa6f090a3fe0f598f9161c99a08d0b -> c9f401c9ab0c8c78ac8bf7528d8078a8
  custom:scripting/monoscript/fileName/NPCColor.cs: 93475bed20f9110d24f8617dcf8856d5 -> c58c305e85223665f6df19bf0e5b7c78
  custom:scripting/monoscript/fileName/PowerUp.cs: 742fbdfa71baaaf8faeb5cd15c97d499 -> f15b9ebfef18a6c65d9e3e5db527cf70
  custom:video-encoder-webm-vp8: eb34c28f22e8b96e1ab97ce403110664 -> 
  custom:audio-decoder-ogg-vorbis: bf7c407c2cedff20999df2af8eb42d56 -> 
  custom:scripting/monoscript/fileName/HidePanel.cs: 1dde27386449f34caff34fe63e0ff995 -> e5f118908a9613f24e84491e5a5e6fa3
  custom:scripting/monoscript/fileName/NPCConversation2.cs: b7ff32a5341aa45ddc588fb90d7d34e7 -> 3b596464fe8755d6a086a31a81d9d73e
  custom:scripting/monoscript/fileName/NPCConversation3.cs: 2136d3203dc14745cc5475c4a699eacd -> 347e1dd78763a0ecaac84b452b6b03ae
  custom:audio-encoder-webm-vorbis: bf7c407c2cedff20999df2af8eb42d56 -> 
  custom:scripting/monoscript/fileName/DestroyFenceAfterMeetingNPC.cs: 188bb86157f0f45efbb1747c0003b714 -> 5c6826ab649208ee32816bfc4453d142
========================================================================
Received Import Request.
  Time since last request: 694556.672475 seconds.
  path: Assets/Scenes/GameCompleted.unity
  artifactKey: Guid(08b22f894a58e1245b8df2c5c0a0edb5) Importer(815301076,1909f56bfc062723c751e8b465ee728b)
Start importing Assets/Scenes/GameCompleted.unity using Guid(08b22f894a58e1245b8df2c5c0a0edb5) Importer(815301076,1909f56bfc062723c751e8b465ee728b) [PhysX] Initialized MultithreadedTaskDispatcher with 32 workers.
 -> (artifact id: '3b50ccdd835af593252614c1f2e5b33d') in 0.004411 seconds
Number of updated asset objects reloaded before import = 0
Number of asset objects unloaded after import = 0
========================================================================
Received Prepare
Caller must complete domain reload
Begin MonoManager ReloadAssembly
- Loaded All Assemblies, in  0.274 seconds
Native extension for WindowsStandalone target not found
Mono: successfully reloaded assembly
- Finished resetting the current domain, in  0.573 seconds
Domain Reload Profiling: 845ms
	BeginReloadAssembly (100ms)
		ExecutionOrderSort (0ms)
		DisableScriptedObjects (3ms)
		BackupInstance (0ms)
		ReleaseScriptingObjects (0ms)
		CreateAndSetChildDomain (20ms)
	RebuildCommonClasses (22ms)
	RebuildNativeTypeToScriptingClass (6ms)
	initialDomainReloadingComplete (19ms)
	LoadAllAssembliesAndSetupDomain (125ms)
		LoadAssemblies (170ms)
		RebuildTransferFunctionScriptingTraits (0ms)
		AnalyzeDomain (9ms)
			TypeCache.Refresh (5ms)
				TypeCache.ScanAssembly (0ms)
			ScanForSourceGeneratedMonoScriptInfo (0ms)
			ResolveRequiredComponents (3ms)
	FinalizeReload (573ms)
		ReleaseScriptCaches (0ms)
		RebuildScriptCaches (0ms)
		SetupLoadedEditorAssemblies (279ms)
			LogAssemblyErrors (0ms)
			InitializePlatformSupportModulesInManaged (6ms)
			SetLoadedEditorAssemblies (3ms)
			RefreshPlugins (0ms)
			BeforeProcessingInitializeOnLoad (41ms)
			ProcessInitializeOnLoadAttributes (210ms)
			ProcessInitializeOnLoadMethodAttributes (15ms)
			AfterProcessingInitializeOnLoad (5ms)
			EditorAssembliesLoaded (0ms)
		ExecutionOrderSort2 (0ms)
		AwakeInstancesAfterBackupRestoration (6ms)
Refreshing native plugins compatible for Editor in 4.32 ms, found 3 plugins.
Preloading 0 native plugins for Editor in 0.00 ms.
Unloading 3163 Unused Serialized files (Serialized files now loaded: 0)
Unloading 22 unused Assets / (446.9 KB). Loaded Objects now: 3661.
Memory consumption went from 136.6 MB to 136.2 MB.
Total: 3.921300 ms (FindLiveObjects: 0.252100 ms CreateObjectMapping: 0.088900 ms MarkObjects: 3.199000 ms  DeleteObjects: 0.380100 ms)

Prepare: number of updated asset objects reloaded= 0
AssetImportParameters requested are different than current active one (requested -> active):
  custom:scripting/monoscript/fileName/NPCConversations.cs: e7b453f49e0ecc974ee4610f5df016d2 -> c325f2dfe320ed760ee367e93c7343e9
  custom:scripting/monoscript/fileName/DontDestroyBulletSound.cs: 27eea3d677e22602559315e38ece0ddf -> dd7f7a0f5da576c9bd042e2d999f2f87
  custom:container-demuxer-ogg: 62fdf1f143b41e24485cea50d1cbac27 -> 
  custom:video-codec-MediaFoundation-h265: 746d11721c4dcdbdad8f713fa42b33f4 -> 
  custom:video-decoder-ogg-theora: a1e56fd34408186e4bbccfd4996cb3dc -> 
  custom:framework-win-MediaFoundation: 216162199b28c13a410421893ffa2e32 -> 
  custom:scripting/monoscript/fileName/DontDestroyOnLoad.cs: dbe9367a862691b5385a97d4e47fc1de -> a20da4ab4d72b2746f62834b60d249c4
  custom:CustomObjectIndexerAttribute: 9a22284fe3817be447336de3de66b15e -> 
  custom:container-demuxer-webm: 4f35f7cbe854078d1ac9338744f61a02 -> 
  custom:scripting/monoscript/fileName/DestroyFence.cs: dff2e27bd40dcd712db6dd2d62a45775 -> d2cb84dacc9ca32d4ebb690c179d1209
  custom:scripting/monoscript/fileName/MusicAndSFX.cs: 8b341cf5e8717c7b42c626c10fc2d3f3 -> 2acc5be66e8488d65aa2bff625b76d27
  custom:container-muxer-webm: aa71ff27fc2769a1b78a27578f13a17b -> 
  custom:video-decoder-webm-vp8: 9c59270c3fd7afecdb556c50c9e8de78 -> 
  custom:SearchIndexIgnoredProperties: e643bd26f0fe6173181afceb89e7c659 -> 
  custom:AudioImporter_EditorPlatform: d09bf68614088b80899f8185d706f6e7 -> 
  custom:scripting/monoscript/fileName/quitApp.cs: 36ee526b8693548ceffa5fc433b4a867 -> d31e27c6ab3e83ab8d3efc5db2ce5f18
  custom:scripting/monoscript/fileName/DontDestroyMusic.cs: 19aa6f090a3fe0f598f9161c99a08d0b -> c9f401c9ab0c8c78ac8bf7528d8078a8
  custom:scripting/monoscript/fileName/NPCColor.cs: 93475bed20f9110d24f8617dcf8856d5 -> c58c305e85223665f6df19bf0e5b7c78
  custom:scripting/monoscript/fileName/PowerUp.cs: 742fbdfa71baaaf8faeb5cd15c97d499 -> f15b9ebfef18a6c65d9e3e5db527cf70
  custom:video-encoder-webm-vp8: eb34c28f22e8b96e1ab97ce403110664 -> 
  custom:audio-decoder-ogg-vorbis: bf7c407c2cedff20999df2af8eb42d56 -> 
  custom:scripting/monoscript/fileName/HidePanel.cs: 1dde27386449f34caff34fe63e0ff995 -> e5f118908a9613f24e84491e5a5e6fa3
  custom:scripting/monoscript/fileName/NPCConversation2.cs: b7ff32a5341aa45ddc588fb90d7d34e7 -> 3b596464fe8755d6a086a31a81d9d73e
  custom:scripting/monoscript/fileName/NPCConversation3.cs: 2136d3203dc14745cc5475c4a699eacd -> 347e1dd78763a0ecaac84b452b6b03ae
  custom:audio-encoder-webm-vorbis: bf7c407c2cedff20999df2af8eb42d56 -> 
  custom:scripting/monoscript/fileName/DestroyFenceAfterMeetingNPC.cs: 188bb86157f0f45efbb1747c0003b714 -> 5c6826ab649208ee32816bfc4453d142
========================================================================
Received Import Request.
  Time since last request: 81.421019 seconds.
  path: Assets/Scenes/GameCompleted.unity
  artifactKey: Guid(08b22f894a58e1245b8df2c5c0a0edb5) Importer(815301076,1909f56bfc062723c751e8b465ee728b)
Start importing Assets/Scenes/GameCompleted.unity using Guid(08b22f894a58e1245b8df2c5c0a0edb5) Importer(815301076,1909f56bfc062723c751e8b465ee728b) [PhysX] Initialized MultithreadedTaskDispatcher with 32 workers.
 -> (artifact id: 'bdd50ac23bc04f3f1e01427c0280dd0c') in 0.003435 seconds
Number of updated asset objects reloaded before import = 0
Number of asset objects unloaded after import = 0
========================================================================
Received Prepare
Caller must complete domain reload
Begin MonoManager ReloadAssembly
- Loaded All Assemblies, in  0.277 seconds
Native extension for WindowsStandalone target not found
Mono: successfully reloaded assembly
- Finished resetting the current domain, in  0.607 seconds
Domain Reload Profiling: 882ms
	BeginReloadAssembly (96ms)
		ExecutionOrderSort (0ms)
		DisableScriptedObjects (4ms)
		BackupInstance (0ms)
		ReleaseScriptingObjects (0ms)
		CreateAndSetChildDomain (17ms)
	RebuildCommonClasses (21ms)
	RebuildNativeTypeToScriptingClass (7ms)
	initialDomainReloadingComplete (22ms)
	LoadAllAssembliesAndSetupDomain (129ms)
		LoadAssemblies (171ms)
		RebuildTransferFunctionScriptingTraits (0ms)
		AnalyzeDomain (10ms)
			TypeCache.Refresh (4ms)
				TypeCache.ScanAssembly (0ms)
			ScanForSourceGeneratedMonoScriptInfo (0ms)
			ResolveRequiredComponents (3ms)
	FinalizeReload (607ms)
		ReleaseScriptCaches (0ms)
		RebuildScriptCaches (0ms)
		SetupLoadedEditorAssemblies (304ms)
			LogAssemblyErrors (0ms)
			InitializePlatformSupportModulesInManaged (6ms)
			SetLoadedEditorAssemblies (3ms)
			RefreshPlugins (0ms)
			BeforeProcessingInitializeOnLoad (48ms)
			ProcessInitializeOnLoadAttributes (224ms)
			ProcessInitializeOnLoadMethodAttributes (17ms)
			AfterProcessingInitializeOnLoad (7ms)
			EditorAssembliesLoaded (0ms)
		ExecutionOrderSort2 (0ms)
		AwakeInstancesAfterBackupRestoration (7ms)
Refreshing native plugins compatible for Editor in 4.56 ms, found 3 plugins.
Preloading 0 native plugins for Editor in 0.00 ms.
Unloading 3163 Unused Serialized files (Serialized files now loaded: 0)
Unloading 22 unused Assets / (446.9 KB). Loaded Objects now: 3664.
Memory consumption went from 136.6 MB to 136.2 MB.
Total: 4.050500 ms (FindLiveObjects: 0.296900 ms CreateObjectMapping: 0.099900 ms MarkObjects: 3.190800 ms  DeleteObjects: 0.461400 ms)

Prepare: number of updated asset objects reloaded= 0
AssetImportParameters requested are different than current active one (requested -> active):
  custom:scripting/monoscript/fileName/NPCConversations.cs: e7b453f49e0ecc974ee4610f5df016d2 -> c325f2dfe320ed760ee367e93c7343e9
  custom:scripting/monoscript/fileName/DontDestroyBulletSound.cs: 27eea3d677e22602559315e38ece0ddf -> dd7f7a0f5da576c9bd042e2d999f2f87
  custom:container-demuxer-ogg: 62fdf1f143b41e24485cea50d1cbac27 -> 
  custom:video-codec-MediaFoundation-h265: 746d11721c4dcdbdad8f713fa42b33f4 -> 
  custom:video-decoder-ogg-theora: a1e56fd34408186e4bbccfd4996cb3dc -> 
  custom:framework-win-MediaFoundation: 216162199b28c13a410421893ffa2e32 -> 
  custom:scripting/monoscript/fileName/DontDestroyOnLoad.cs: dbe9367a862691b5385a97d4e47fc1de -> a20da4ab4d72b2746f62834b60d249c4
  custom:CustomObjectIndexerAttribute: 9a22284fe3817be447336de3de66b15e -> 
  custom:container-demuxer-webm: 4f35f7cbe854078d1ac9338744f61a02 -> 
  custom:scripting/monoscript/fileName/DestroyFence.cs: dff2e27bd40dcd712db6dd2d62a45775 -> d2cb84dacc9ca32d4ebb690c179d1209
  custom:scripting/monoscript/fileName/MusicAndSFX.cs: 8b341cf5e8717c7b42c626c10fc2d3f3 -> 2acc5be66e8488d65aa2bff625b76d27
  custom:container-muxer-webm: aa71ff27fc2769a1b78a27578f13a17b -> 
  custom:video-decoder-webm-vp8: 9c59270c3fd7afecdb556c50c9e8de78 -> 
  custom:SearchIndexIgnoredProperties: e643bd26f0fe6173181afceb89e7c659 -> 
  custom:AudioImporter_EditorPlatform: d09bf68614088b80899f8185d706f6e7 -> 
  custom:scripting/monoscript/fileName/quitApp.cs: 36ee526b8693548ceffa5fc433b4a867 -> d31e27c6ab3e83ab8d3efc5db2ce5f18
  custom:scripting/monoscript/fileName/DontDestroyMusic.cs: 19aa6f090a3fe0f598f9161c99a08d0b -> c9f401c9ab0c8c78ac8bf7528d8078a8
  custom:scripting/monoscript/fileName/NPCColor.cs: 93475bed20f9110d24f8617dcf8856d5 -> c58c305e85223665f6df19bf0e5b7c78
  custom:scripting/monoscript/fileName/PowerUp.cs: 742fbdfa71baaaf8faeb5cd15c97d499 -> f15b9ebfef18a6c65d9e3e5db527cf70
  custom:video-encoder-webm-vp8: eb34c28f22e8b96e1ab97ce403110664 -> 
  custom:audio-decoder-ogg-vorbis: bf7c407c2cedff20999df2af8eb42d56 -> 
  custom:scripting/monoscript/fileName/HidePanel.cs: 1dde27386449f34caff34fe63e0ff995 -> e5f118908a9613f24e84491e5a5e6fa3
  custom:scripting/monoscript/fileName/NPCConversation2.cs: b7ff32a5341aa45ddc588fb90d7d34e7 -> 3b596464fe8755d6a086a31a81d9d73e
  custom:scripting/monoscript/fileName/NPCConversation3.cs: 2136d3203dc14745cc5475c4a699eacd -> 347e1dd78763a0ecaac84b452b6b03ae
  custom:audio-encoder-webm-vorbis: bf7c407c2cedff20999df2af8eb42d56 -> 
  custom:scripting/monoscript/fileName/DestroyFenceAfterMeetingNPC.cs: 188bb86157f0f45efbb1747c0003b714 -> 5c6826ab649208ee32816bfc4453d142
========================================================================
Received Import Request.
  Time since last request: 170.092337 seconds.
  path: Assets/Scenes/GameCompleted.unity
  artifactKey: Guid(08b22f894a58e1245b8df2c5c0a0edb5) Importer(815301076,1909f56bfc062723c751e8b465ee728b)
Start importing Assets/Scenes/GameCompleted.unity using Guid(08b22f894a58e1245b8df2c5c0a0edb5) Importer(815301076,1909f56bfc062723c751e8b465ee728b) [PhysX] Initialized MultithreadedTaskDispatcher with 32 workers.
 -> (artifact id: '1fafedda7ed9630c553223419fe8ba4a') in 0.004759 seconds
Number of updated asset objects reloaded before import = 0
Number of asset objects unloaded after import = 0
========================================================================
Received Prepare
Caller must complete domain reload
Begin MonoManager ReloadAssembly
- Loaded All Assemblies, in  0.270 seconds
Native extension for WindowsStandalone target not found
Mono: successfully reloaded assembly
- Finished resetting the current domain, in  0.604 seconds
Domain Reload Profiling: 872ms
	BeginReloadAssembly (101ms)
		ExecutionOrderSort (0ms)
		DisableScriptedObjects (3ms)
		BackupInstance (0ms)
		ReleaseScriptingObjects (0ms)
		CreateAndSetChildDomain (18ms)
	RebuildCommonClasses (19ms)
	RebuildNativeTypeToScriptingClass (6ms)
	initialDomainReloadingComplete (18ms)
	LoadAllAssembliesAndSetupDomain (124ms)
		LoadAssemblies (171ms)
		RebuildTransferFunctionScriptingTraits (0ms)
		AnalyzeDomain (10ms)
			TypeCache.Refresh (4ms)
				TypeCache.ScanAssembly (0ms)
			ScanForSourceGeneratedMonoScriptInfo (0ms)
			ResolveRequiredComponents (4ms)
	FinalizeReload (604ms)
		ReleaseScriptCaches (0ms)
		RebuildScriptCaches (0ms)
		SetupLoadedEditorAssemblies (299ms)
			LogAssemblyErrors (0ms)
			InitializePlatformSupportModulesInManaged (6ms)
			SetLoadedEditorAssemblies (3ms)
			RefreshPlugins (0ms)
			BeforeProcessingInitializeOnLoad (46ms)
			ProcessInitializeOnLoadAttributes (221ms)
			ProcessInitializeOnLoadMethodAttributes (17ms)
			AfterProcessingInitializeOnLoad (6ms)
			EditorAssembliesLoaded (0ms)
		ExecutionOrderSort2 (0ms)
		AwakeInstancesAfterBackupRestoration (7ms)
Refreshing native plugins compatible for Editor in 4.18 ms, found 3 plugins.
Preloading 0 native plugins for Editor in 0.00 ms.
Unloading 3163 Unused Serialized files (Serialized files now loaded: 0)
Unloading 22 unused Assets / (447.1 KB). Loaded Objects now: 3667.
Memory consumption went from 136.7 MB to 136.2 MB.
Total: 3.835900 ms (FindLiveObjects: 0.228700 ms CreateObjectMapping: 0.089800 ms MarkObjects: 3.164200 ms  DeleteObjects: 0.351700 ms)

Prepare: number of updated asset objects reloaded= 0
AssetImportParameters requested are different than current active one (requested -> active):
  custom:scripting/monoscript/fileName/NPCConversations.cs: e7b453f49e0ecc974ee4610f5df016d2 -> c325f2dfe320ed760ee367e93c7343e9
  custom:scripting/monoscript/fileName/DontDestroyBulletSound.cs: 27eea3d677e22602559315e38ece0ddf -> dd7f7a0f5da576c9bd042e2d999f2f87
  custom:container-demuxer-ogg: 62fdf1f143b41e24485cea50d1cbac27 -> 
  custom:video-codec-MediaFoundation-h265: 746d11721c4dcdbdad8f713fa42b33f4 -> 
  custom:video-decoder-ogg-theora: a1e56fd34408186e4bbccfd4996cb3dc -> 
  custom:framework-win-MediaFoundation: 216162199b28c13a410421893ffa2e32 -> 
  custom:scripting/monoscript/fileName/DontDestroyOnLoad.cs: dbe9367a862691b5385a97d4e47fc1de -> a20da4ab4d72b2746f62834b60d249c4
  custom:CustomObjectIndexerAttribute: 9a22284fe3817be447336de3de66b15e -> 
  custom:container-demuxer-webm: 4f35f7cbe854078d1ac9338744f61a02 -> 
  custom:scripting/monoscript/fileName/DestroyFence.cs: dff2e27bd40dcd712db6dd2d62a45775 -> d2cb84dacc9ca32d4ebb690c179d1209
  custom:scripting/monoscript/fileName/MusicAndSFX.cs: 8b341cf5e8717c7b42c626c10fc2d3f3 -> 2acc5be66e8488d65aa2bff625b76d27
  custom:container-muxer-webm: aa71ff27fc2769a1b78a27578f13a17b -> 
  custom:video-decoder-webm-vp8: 9c59270c3fd7afecdb556c50c9e8de78 -> 
  custom:SearchIndexIgnoredProperties: e643bd26f0fe6173181afceb89e7c659 -> 
  custom:AudioImporter_EditorPlatform: d09bf68614088b80899f8185d706f6e7 -> 
  custom:scripting/monoscript/fileName/quitApp.cs: 36ee526b8693548ceffa5fc433b4a867 -> d31e27c6ab3e83ab8d3efc5db2ce5f18
  custom:scripting/monoscript/fileName/DontDestroyMusic.cs: 19aa6f090a3fe0f598f9161c99a08d0b -> c9f401c9ab0c8c78ac8bf7528d8078a8
  custom:scripting/monoscript/fileName/NPCColor.cs: 93475bed20f9110d24f8617dcf8856d5 -> c58c305e85223665f6df19bf0e5b7c78
  custom:scripting/monoscript/fileName/PowerUp.cs: 742fbdfa71baaaf8faeb5cd15c97d499 -> f15b9ebfef18a6c65d9e3e5db527cf70
  custom:video-encoder-webm-vp8: eb34c28f22e8b96e1ab97ce403110664 -> 
  custom:audio-decoder-ogg-vorbis: bf7c407c2cedff20999df2af8eb42d56 -> 
  custom:scripting/monoscript/fileName/HidePanel.cs: 1dde27386449f34caff34fe63e0ff995 -> e5f118908a9613f24e84491e5a5e6fa3
  custom:scripting/monoscript/fileName/NPCConversation2.cs: b7ff32a5341aa45ddc588fb90d7d34e7 -> 3b596464fe8755d6a086a31a81d9d73e
  custom:scripting/monoscript/fileName/NPCConversation3.cs: 2136d3203dc14745cc5475c4a699eacd -> 347e1dd78763a0ecaac84b452b6b03ae
  custom:audio-encoder-webm-vorbis: bf7c407c2cedff20999df2af8eb42d56 -> 
  custom:scripting/monoscript/fileName/DestroyFenceAfterMeetingNPC.cs: 188bb86157f0f45efbb1747c0003b714 -> 5c6826ab649208ee32816bfc4453d142
========================================================================
Received Import Request.
  Time since last request: 145.196473 seconds.
  path: Assets/Scenes/Town2.unity
  artifactKey: Guid(ca711cee72713d44caf07a895ac77d8a) Importer(815301076,1909f56bfc062723c751e8b465ee728b)
Start importing Assets/Scenes/Town2.unity using Guid(ca711cee72713d44caf07a895ac77d8a) Importer(815301076,1909f56bfc062723c751e8b465ee728b) [PhysX] Initialized MultithreadedTaskDispatcher with 32 workers.
 -> (artifact id: '4fa4e6f35982c16b93200ef64ec2c324') in 0.003826 seconds
Number of updated asset objects reloaded before import = 0
Number of asset objects unloaded after import = 0
========================================================================
Received Import Request.
  Time since last request: 34.669412 seconds.
  path: Assets/Scenes/GameCompleted.unity
  artifactKey: Guid(08b22f894a58e1245b8df2c5c0a0edb5) Importer(815301076,1909f56bfc062723c751e8b465ee728b)
Start importing Assets/Scenes/GameCompleted.unity using Guid(08b22f894a58e1245b8df2c5c0a0edb5) Importer(815301076,1909f56bfc062723c751e8b465ee728b) [PhysX] Initialized MultithreadedTaskDispatcher with 32 workers.
 -> (artifact id: 'f3d566c3de9132a8c818f6b1227d42aa') in 0.000409 seconds
Number of updated asset objects reloaded before import = 0
Number of asset objects unloaded after import = 0
========================================================================
Received Prepare
Caller must complete domain reload
Begin MonoManager ReloadAssembly
- Loaded All Assemblies, in  0.294 seconds
Native extension for WindowsStandalone target not found
Mono: successfully reloaded assembly
- Finished resetting the current domain, in  0.614 seconds
Domain Reload Profiling: 907ms
	BeginReloadAssembly (99ms)
		ExecutionOrderSort (0ms)
		DisableScriptedObjects (3ms)
		BackupInstance (0ms)
		ReleaseScriptingObjects (0ms)
		CreateAndSetChildDomain (18ms)
	RebuildCommonClasses (21ms)
	RebuildNativeTypeToScriptingClass (6ms)
	initialDomainReloadingComplete (20ms)
	LoadAllAssembliesAndSetupDomain (147ms)
		LoadAssemblies (183ms)
		RebuildTransferFunctionScriptingTraits (0ms)
		AnalyzeDomain (19ms)
			TypeCache.Refresh (7ms)
				TypeCache.ScanAssembly (0ms)
			ScanForSourceGeneratedMonoScriptInfo (5ms)
			ResolveRequiredComponents (4ms)
	FinalizeReload (614ms)
		ReleaseScriptCaches (0ms)
		RebuildScriptCaches (0ms)
		SetupLoadedEditorAssemblies (282ms)
			LogAssemblyErrors (0ms)
			InitializePlatformSupportModulesInManaged (5ms)
			SetLoadedEditorAssemblies (2ms)
			RefreshPlugins (0ms)
			BeforeProcessingInitializeOnLoad (41ms)
			ProcessInitializeOnLoadAttributes (211ms)
			ProcessInitializeOnLoadMethodAttributes (18ms)
			AfterProcessingInitializeOnLoad (6ms)
			EditorAssembliesLoaded (0ms)
		ExecutionOrderSort2 (0ms)
		AwakeInstancesAfterBackupRestoration (6ms)
Refreshing native plugins compatible for Editor in 4.21 ms, found 3 plugins.
Preloading 0 native plugins for Editor in 0.00 ms.
Unloading 3163 Unused Serialized files (Serialized files now loaded: 0)
Unloading 22 unused Assets / (446.9 KB). Loaded Objects now: 3670.
Memory consumption went from 136.7 MB to 136.3 MB.
Total: 3.892000 ms (FindLiveObjects: 0.251800 ms CreateObjectMapping: 0.098200 ms MarkObjects: 3.229400 ms  DeleteObjects: 0.311100 ms)

Prepare: number of updated asset objects reloaded= 0
AssetImportParameters requested are different than current active one (requested -> active):
  custom:scripting/monoscript/fileName/NPCConversations.cs: e7b453f49e0ecc974ee4610f5df016d2 -> c325f2dfe320ed760ee367e93c7343e9
  custom:scripting/monoscript/fileName/DontDestroyBulletSound.cs: 27eea3d677e22602559315e38ece0ddf -> dd7f7a0f5da576c9bd042e2d999f2f87
  custom:container-demuxer-ogg: 62fdf1f143b41e24485cea50d1cbac27 -> 
  custom:video-codec-MediaFoundation-h265: 746d11721c4dcdbdad8f713fa42b33f4 -> 
  custom:video-decoder-ogg-theora: a1e56fd34408186e4bbccfd4996cb3dc -> 
  custom:framework-win-MediaFoundation: 216162199b28c13a410421893ffa2e32 -> 
  custom:scripting/monoscript/fileName/DontDestroyOnLoad.cs: dbe9367a862691b5385a97d4e47fc1de -> a20da4ab4d72b2746f62834b60d249c4
  custom:CustomObjectIndexerAttribute: 9a22284fe3817be447336de3de66b15e -> 
  custom:container-demuxer-webm: 4f35f7cbe854078d1ac9338744f61a02 -> 
  custom:scripting/monoscript/fileName/DestroyFence.cs: dff2e27bd40dcd712db6dd2d62a45775 -> d2cb84dacc9ca32d4ebb690c179d1209
  custom:scripting/monoscript/fileName/MusicAndSFX.cs: 8b341cf5e8717c7b42c626c10fc2d3f3 -> 2acc5be66e8488d65aa2bff625b76d27
  custom:container-muxer-webm: aa71ff27fc2769a1b78a27578f13a17b -> 
  custom:video-decoder-webm-vp8: 9c59270c3fd7afecdb556c50c9e8de78 -> 
  custom:SearchIndexIgnoredProperties: e643bd26f0fe6173181afceb89e7c659 -> 
  custom:AudioImporter_EditorPlatform: d09bf68614088b80899f8185d706f6e7 -> 
  custom:scripting/monoscript/fileName/quitApp.cs: 36ee526b8693548ceffa5fc433b4a867 -> d31e27c6ab3e83ab8d3efc5db2ce5f18
  custom:scripting/monoscript/fileName/DontDestroyMusic.cs: 19aa6f090a3fe0f598f9161c99a08d0b -> c9f401c9ab0c8c78ac8bf7528d8078a8
  custom:scripting/monoscript/fileName/NPCColor.cs: 93475bed20f9110d24f8617dcf8856d5 -> c58c305e85223665f6df19bf0e5b7c78
  custom:scripting/monoscript/fileName/PowerUp.cs: 742fbdfa71baaaf8faeb5cd15c97d499 -> f15b9ebfef18a6c65d9e3e5db527cf70
  custom:video-encoder-webm-vp8: eb34c28f22e8b96e1ab97ce403110664 -> 
  custom:audio-decoder-ogg-vorbis: bf7c407c2cedff20999df2af8eb42d56 -> 
  custom:scripting/monoscript/fileName/HidePanel.cs: 1dde27386449f34caff34fe63e0ff995 -> e5f118908a9613f24e84491e5a5e6fa3
  custom:scripting/monoscript/fileName/NPCConversation2.cs: b7ff32a5341aa45ddc588fb90d7d34e7 -> 3b596464fe8755d6a086a31a81d9d73e
  custom:scripting/monoscript/fileName/NPCConversation3.cs: 2136d3203dc14745cc5475c4a699eacd -> 347e1dd78763a0ecaac84b452b6b03ae
  custom:audio-encoder-webm-vorbis: bf7c407c2cedff20999df2af8eb42d56 -> 
  custom:scripting/monoscript/fileName/DestroyFenceAfterMeetingNPC.cs: 188bb86157f0f45efbb1747c0003b714 -> 5c6826ab649208ee32816bfc4453d142
========================================================================
Received Prepare
Caller must complete domain reload
Begin MonoManager ReloadAssembly
- Loaded All Assemblies, in  0.277 seconds
Native extension for WindowsStandalone target not found
Mono: successfully reloaded assembly
- Finished resetting the current domain, in  0.544 seconds
Domain Reload Profiling: 820ms
	BeginReloadAssembly (97ms)
		ExecutionOrderSort (0ms)
		DisableScriptedObjects (3ms)
		BackupInstance (0ms)
		ReleaseScriptingObjects (0ms)
		CreateAndSetChildDomain (16ms)
	RebuildCommonClasses (20ms)
	RebuildNativeTypeToScriptingClass (7ms)
	initialDomainReloadingComplete (21ms)
	LoadAllAssembliesAndSetupDomain (130ms)
		LoadAssemblies (168ms)
		RebuildTransferFunctionScriptingTraits (0ms)
		AnalyzeDomain (16ms)
			TypeCache.Refresh (6ms)
				TypeCache.ScanAssembly (0ms)
			ScanForSourceGeneratedMonoScriptInfo (5ms)
			ResolveRequiredComponents (3ms)
	FinalizeReload (544ms)
		ReleaseScriptCaches (0ms)
		RebuildScriptCaches (0ms)
		SetupLoadedEditorAssemblies (257ms)
			LogAssemblyErrors (0ms)
			InitializePlatformSupportModulesInManaged (4ms)
			SetLoadedEditorAssemblies (2ms)
			RefreshPlugins (0ms)
			BeforeProcessingInitializeOnLoad (39ms)
			ProcessInitializeOnLoadAttributes (190ms)
			ProcessInitializeOnLoadMethodAttributes (16ms)
			AfterProcessingInitializeOnLoad (5ms)
			EditorAssembliesLoaded (0ms)
		ExecutionOrderSort2 (0ms)
		AwakeInstancesAfterBackupRestoration (6ms)
Refreshing native plugins compatible for Editor in 4.31 ms, found 3 plugins.
Preloading 0 native plugins for Editor in 0.00 ms.
Unloading 3164 Unused Serialized files (Serialized files now loaded: 0)
Unloading 22 unused Assets / (446.8 KB). Loaded Objects now: 3673.
Memory consumption went from 136.9 MB to 136.5 MB.
Total: 3.676200 ms (FindLiveObjects: 0.226600 ms CreateObjectMapping: 0.089600 ms MarkObjects: 3.056400 ms  DeleteObjects: 0.302600 ms)

Prepare: number of updated asset objects reloaded= 0
AssetImportParameters requested are different than current active one (requested -> active):
  custom:scripting/monoscript/fileName/NPCConversations.cs: e7b453f49e0ecc974ee4610f5df016d2 -> c325f2dfe320ed760ee367e93c7343e9
  custom:scripting/monoscript/fileName/DontDestroyBulletSound.cs: 27eea3d677e22602559315e38ece0ddf -> dd7f7a0f5da576c9bd042e2d999f2f87
  custom:container-demuxer-ogg: 62fdf1f143b41e24485cea50d1cbac27 -> 
  custom:video-codec-MediaFoundation-h265: 746d11721c4dcdbdad8f713fa42b33f4 -> 
  custom:video-decoder-ogg-theora: a1e56fd34408186e4bbccfd4996cb3dc -> 
  custom:framework-win-MediaFoundation: 216162199b28c13a410421893ffa2e32 -> 
  custom:scripting/monoscript/fileName/DontDestroyOnLoad.cs: dbe9367a862691b5385a97d4e47fc1de -> a20da4ab4d72b2746f62834b60d249c4
  custom:CustomObjectIndexerAttribute: 9a22284fe3817be447336de3de66b15e -> 
  custom:container-demuxer-webm: 4f35f7cbe854078d1ac9338744f61a02 -> 
  custom:scripting/monoscript/fileName/DestroyFence.cs: dff2e27bd40dcd712db6dd2d62a45775 -> d2cb84dacc9ca32d4ebb690c179d1209
  custom:scripting/monoscript/fileName/MusicAndSFX.cs: 8b341cf5e8717c7b42c626c10fc2d3f3 -> 2acc5be66e8488d65aa2bff625b76d27
  custom:container-muxer-webm: aa71ff27fc2769a1b78a27578f13a17b -> 
  custom:video-decoder-webm-vp8: 9c59270c3fd7afecdb556c50c9e8de78 -> 
  custom:SearchIndexIgnoredProperties: e643bd26f0fe6173181afceb89e7c659 -> 
  custom:AudioImporter_EditorPlatform: d09bf68614088b80899f8185d706f6e7 -> 
  custom:scripting/monoscript/fileName/quitApp.cs: 36ee526b8693548ceffa5fc433b4a867 -> d31e27c6ab3e83ab8d3efc5db2ce5f18
  custom:scripting/monoscript/fileName/DontDestroyMusic.cs: 19aa6f090a3fe0f598f9161c99a08d0b -> c9f401c9ab0c8c78ac8bf7528d8078a8
  custom:scripting/monoscript/fileName/NPCColor.cs: 93475bed20f9110d24f8617dcf8856d5 -> c58c305e85223665f6df19bf0e5b7c78
  custom:scripting/monoscript/fileName/PowerUp.cs: 742fbdfa71baaaf8faeb5cd15c97d499 -> f15b9ebfef18a6c65d9e3e5db527cf70
  custom:video-encoder-webm-vp8: eb34c28f22e8b96e1ab97ce403110664 -> 
  custom:audio-decoder-ogg-vorbis: bf7c407c2cedff20999df2af8eb42d56 -> 
  custom:scripting/monoscript/fileName/HidePanel.cs: 1dde27386449f34caff34fe63e0ff995 -> e5f118908a9613f24e84491e5a5e6fa3
  custom:scripting/monoscript/fileName/NPCConversation2.cs: b7ff32a5341aa45ddc588fb90d7d34e7 -> 3b596464fe8755d6a086a31a81d9d73e
  custom:scripting/monoscript/fileName/NPCConversation3.cs: 2136d3203dc14745cc5475c4a699eacd -> 347e1dd78763a0ecaac84b452b6b03ae
  custom:audio-encoder-webm-vorbis: bf7c407c2cedff20999df2af8eb42d56 -> 
  custom:scripting/monoscript/fileName/DestroyFenceAfterMeetingNPC.cs: 188bb86157f0f45efbb1747c0003b714 -> 5c6826ab649208ee32816bfc4453d142
========================================================================
Received Prepare
Caller must complete domain reload
Begin MonoManager ReloadAssembly
- Loaded All Assemblies, in  0.269 seconds
Native extension for WindowsStandalone target not found
Mono: successfully reloaded assembly
- Finished resetting the current domain, in  0.577 seconds
Domain Reload Profiling: 845ms
	BeginReloadAssembly (97ms)
		ExecutionOrderSort (0ms)
		DisableScriptedObjects (3ms)
		BackupInstance (0ms)
		ReleaseScriptingObjects (0ms)
		CreateAndSetChildDomain (16ms)
	RebuildCommonClasses (20ms)
	RebuildNativeTypeToScriptingClass (6ms)
	initialDomainReloadingComplete (19ms)
	LoadAllAssembliesAndSetupDomain (125ms)
		LoadAssemblies (171ms)
		RebuildTransferFunctionScriptingTraits (0ms)
		AnalyzeDomain (10ms)
			TypeCache.Refresh (4ms)
				TypeCache.ScanAssembly (0ms)
			ScanForSourceGeneratedMonoScriptInfo (0ms)
			ResolveRequiredComponents (3ms)
	FinalizeReload (577ms)
		ReleaseScriptCaches (0ms)
		RebuildScriptCaches (0ms)
		SetupLoadedEditorAssemblies (284ms)
			LogAssemblyErrors (0ms)
			InitializePlatformSupportModulesInManaged (5ms)
			SetLoadedEditorAssemblies (3ms)
			RefreshPlugins (0ms)
			BeforeProcessingInitializeOnLoad (44ms)
			ProcessInitializeOnLoadAttributes (211ms)
			ProcessInitializeOnLoadMethodAttributes (16ms)
			AfterProcessingInitializeOnLoad (6ms)
			EditorAssembliesLoaded (0ms)
		ExecutionOrderSort2 (0ms)
		AwakeInstancesAfterBackupRestoration (7ms)
Refreshing native plugins compatible for Editor in 4.98 ms, found 3 plugins.
Preloading 0 native plugins for Editor in 0.00 ms.
Unloading 3164 Unused Serialized files (Serialized files now loaded: 0)
Unloading 22 unused Assets / (438.8 KB). Loaded Objects now: 3676.
Memory consumption went from 136.9 MB to 136.5 MB.
Total: 4.121400 ms (FindLiveObjects: 0.220600 ms CreateObjectMapping: 0.084500 ms MarkObjects: 3.463000 ms  DeleteObjects: 0.351200 ms)

Prepare: number of updated asset objects reloaded= 0
AssetImportParameters requested are different than current active one (requested -> active):
  custom:scripting/monoscript/fileName/NPCConversations.cs: e7b453f49e0ecc974ee4610f5df016d2 -> c325f2dfe320ed760ee367e93c7343e9
  custom:scripting/monoscript/fileName/DontDestroyBulletSound.cs: 27eea3d677e22602559315e38ece0ddf -> dd7f7a0f5da576c9bd042e2d999f2f87
  custom:container-demuxer-ogg: 62fdf1f143b41e24485cea50d1cbac27 -> 
  custom:video-codec-MediaFoundation-h265: 746d11721c4dcdbdad8f713fa42b33f4 -> 
  custom:video-decoder-ogg-theora: a1e56fd34408186e4bbccfd4996cb3dc -> 
  custom:framework-win-MediaFoundation: 216162199b28c13a410421893ffa2e32 -> 
  custom:scripting/monoscript/fileName/DontDestroyOnLoad.cs: dbe9367a862691b5385a97d4e47fc1de -> a20da4ab4d72b2746f62834b60d249c4
  custom:CustomObjectIndexerAttribute: 9a22284fe3817be447336de3de66b15e -> 
  custom:container-demuxer-webm: 4f35f7cbe854078d1ac9338744f61a02 -> 
  custom:scripting/monoscript/fileName/DestroyFence.cs: dff2e27bd40dcd712db6dd2d62a45775 -> d2cb84dacc9ca32d4ebb690c179d1209
  custom:scripting/monoscript/fileName/MusicAndSFX.cs: 8b341cf5e8717c7b42c626c10fc2d3f3 -> 2acc5be66e8488d65aa2bff625b76d27
  custom:container-muxer-webm: aa71ff27fc2769a1b78a27578f13a17b -> 
  custom:video-decoder-webm-vp8: 9c59270c3fd7afecdb556c50c9e8de78 -> 
  custom:SearchIndexIgnoredProperties: e643bd26f0fe6173181afceb89e7c659 -> 
  custom:AudioImporter_EditorPlatform: d09bf68614088b80899f8185d706f6e7 -> 
  custom:scripting/monoscript/fileName/quitApp.cs: 36ee526b8693548ceffa5fc433b4a867 -> d31e27c6ab3e83ab8d3efc5db2ce5f18
  custom:scripting/monoscript/fileName/DontDestroyMusic.cs: 19aa6f090a3fe0f598f9161c99a08d0b -> c9f401c9ab0c8c78ac8bf7528d8078a8
  custom:scripting/monoscript/fileName/NPCColor.cs: 93475bed20f9110d24f8617dcf8856d5 -> c58c305e85223665f6df19bf0e5b7c78
  custom:scripting/monoscript/fileName/PowerUp.cs: 742fbdfa71baaaf8faeb5cd15c97d499 -> f15b9ebfef18a6c65d9e3e5db527cf70
  custom:video-encoder-webm-vp8: eb34c28f22e8b96e1ab97ce403110664 -> 
  custom:audio-decoder-ogg-vorbis: bf7c407c2cedff20999df2af8eb42d56 -> 
  custom:scripting/monoscript/fileName/HidePanel.cs: 1dde27386449f34caff34fe63e0ff995 -> e5f118908a9613f24e84491e5a5e6fa3
  custom:scripting/monoscript/fileName/NPCConversation2.cs: b7ff32a5341aa45ddc588fb90d7d34e7 -> 3b596464fe8755d6a086a31a81d9d73e
  custom:scripting/monoscript/fileName/NPCConversation3.cs: 2136d3203dc14745cc5475c4a699eacd -> 347e1dd78763a0ecaac84b452b6b03ae
  custom:audio-encoder-webm-vorbis: bf7c407c2cedff20999df2af8eb42d56 -> 
  custom:scripting/monoscript/fileName/DestroyFenceAfterMeetingNPC.cs: 188bb86157f0f45efbb1747c0003b714 -> 5c6826ab649208ee32816bfc4453d142
========================================================================
Received Prepare
Caller must complete domain reload
Begin MonoManager ReloadAssembly
- Loaded All Assemblies, in  0.289 seconds
Native extension for WindowsStandalone target not found
Mono: successfully reloaded assembly
- Finished resetting the current domain, in  0.765 seconds
Domain Reload Profiling: 1053ms
	BeginReloadAssembly (105ms)
		ExecutionOrderSort (0ms)
		DisableScriptedObjects (3ms)
		BackupInstance (0ms)
		ReleaseScriptingObjects (0ms)
		CreateAndSetChildDomain (19ms)
	RebuildCommonClasses (20ms)
	RebuildNativeTypeToScriptingClass (6ms)
	initialDomainReloadingComplete (18ms)
	LoadAllAssembliesAndSetupDomain (138ms)
		LoadAssemblies (178ms)
		RebuildTransferFunctionScriptingTraits (0ms)
		AnalyzeDomain (18ms)
			TypeCache.Refresh (8ms)
				TypeCache.ScanAssembly (0ms)
			ScanForSourceGeneratedMonoScriptInfo (5ms)
			ResolveRequiredComponents (3ms)
	FinalizeReload (765ms)
		ReleaseScriptCaches (0ms)
		RebuildScriptCaches (0ms)
		SetupLoadedEditorAssemblies (296ms)
			LogAssemblyErrors (0ms)
			InitializePlatformSupportModulesInManaged (6ms)
			SetLoadedEditorAssemblies (2ms)
			RefreshPlugins (0ms)
			BeforeProcessingInitializeOnLoad (55ms)
			ProcessInitializeOnLoadAttributes (217ms)
			ProcessInitializeOnLoadMethodAttributes (12ms)
			AfterProcessingInitializeOnLoad (4ms)
			EditorAssembliesLoaded (0ms)
		ExecutionOrderSort2 (0ms)
		AwakeInstancesAfterBackupRestoration (5ms)
Refreshing native plugins compatible for Editor in 5.52 ms, found 3 plugins.
Preloading 0 native plugins for Editor in 0.00 ms.
Unloading 3164 Unused Serialized files (Serialized files now loaded: 0)
Unloading 22 unused Assets / (447.2 KB). Loaded Objects now: 3679.
Memory consumption went from 137.0 MB to 136.5 MB.
Total: 3.890300 ms (FindLiveObjects: 0.260500 ms CreateObjectMapping: 0.103600 ms MarkObjects: 3.097200 ms  DeleteObjects: 0.427600 ms)

Prepare: number of updated asset objects reloaded= 0
AssetImportParameters requested are different than current active one (requested -> active):
  custom:scripting/monoscript/fileName/NPCConversations.cs: e7b453f49e0ecc974ee4610f5df016d2 -> c325f2dfe320ed760ee367e93c7343e9
  custom:scripting/monoscript/fileName/DontDestroyBulletSound.cs: 27eea3d677e22602559315e38ece0ddf -> dd7f7a0f5da576c9bd042e2d999f2f87
  custom:container-demuxer-ogg: 62fdf1f143b41e24485cea50d1cbac27 -> 
  custom:video-codec-MediaFoundation-h265: 746d11721c4dcdbdad8f713fa42b33f4 -> 
  custom:video-decoder-ogg-theora: a1e56fd34408186e4bbccfd4996cb3dc -> 
  custom:framework-win-MediaFoundation: 216162199b28c13a410421893ffa2e32 -> 
  custom:scripting/monoscript/fileName/DontDestroyOnLoad.cs: dbe9367a862691b5385a97d4e47fc1de -> a20da4ab4d72b2746f62834b60d249c4
  custom:CustomObjectIndexerAttribute: 9a22284fe3817be447336de3de66b15e -> 
  custom:container-demuxer-webm: 4f35f7cbe854078d1ac9338744f61a02 -> 
  custom:scripting/monoscript/fileName/DestroyFence.cs: dff2e27bd40dcd712db6dd2d62a45775 -> d2cb84dacc9ca32d4ebb690c179d1209
  custom:scripting/monoscript/fileName/MusicAndSFX.cs: 8b341cf5e8717c7b42c626c10fc2d3f3 -> 2acc5be66e8488d65aa2bff625b76d27
  custom:container-muxer-webm: aa71ff27fc2769a1b78a27578f13a17b -> 
  custom:video-decoder-webm-vp8: 9c59270c3fd7afecdb556c50c9e8de78 -> 
  custom:SearchIndexIgnoredProperties: e643bd26f0fe6173181afceb89e7c659 -> 
  custom:AudioImporter_EditorPlatform: d09bf68614088b80899f8185d706f6e7 -> 
  custom:scripting/monoscript/fileName/quitApp.cs: 36ee526b8693548ceffa5fc433b4a867 -> d31e27c6ab3e83ab8d3efc5db2ce5f18
  custom:scripting/monoscript/fileName/DontDestroyMusic.cs: 19aa6f090a3fe0f598f9161c99a08d0b -> c9f401c9ab0c8c78ac8bf7528d8078a8
  custom:scripting/monoscript/fileName/NPCColor.cs: 93475bed20f9110d24f8617dcf8856d5 -> c58c305e85223665f6df19bf0e5b7c78
  custom:scripting/monoscript/fileName/PowerUp.cs: 742fbdfa71baaaf8faeb5cd15c97d499 -> f15b9ebfef18a6c65d9e3e5db527cf70
  custom:video-encoder-webm-vp8: eb34c28f22e8b96e1ab97ce403110664 -> 
  custom:audio-decoder-ogg-vorbis: bf7c407c2cedff20999df2af8eb42d56 -> 
  custom:scripting/monoscript/fileName/HidePanel.cs: 1dde27386449f34caff34fe63e0ff995 -> e5f118908a9613f24e84491e5a5e6fa3
  custom:scripting/monoscript/fileName/NPCConversation2.cs: b7ff32a5341aa45ddc588fb90d7d34e7 -> 3b596464fe8755d6a086a31a81d9d73e
  custom:scripting/monoscript/fileName/NPCConversation3.cs: 2136d3203dc14745cc5475c4a699eacd -> 347e1dd78763a0ecaac84b452b6b03ae
  custom:audio-encoder-webm-vorbis: bf7c407c2cedff20999df2af8eb42d56 -> 
  custom:scripting/monoscript/fileName/DestroyFenceAfterMeetingNPC.cs: 188bb86157f0f45efbb1747c0003b714 -> 5c6826ab649208ee32816bfc4453d142
========================================================================
Received Import Request.
  Time since last request: 307.781604 seconds.
  path: Assets/Scripts/DestroyFence.cs
  artifactKey: Guid(d3ea34a7c746ef54c96fbf317f08c4f6) Importer(815301076,1909f56bfc062723c751e8b465ee728b)
Start importing Assets/Scripts/DestroyFence.cs using Guid(d3ea34a7c746ef54c96fbf317f08c4f6) Importer(815301076,1909f56bfc062723c751e8b465ee728b) [PhysX] Initialized MultithreadedTaskDispatcher with 32 workers.
 -> (artifact id: 'e0f13ea96ca9bec303463b8a1cbcde4c') in 0.003434 seconds
Number of updated asset objects reloaded before import = 0
Number of asset objects unloaded after import = 0
========================================================================
Received Import Request.
  Time since last request: 2.548317 seconds.
  path: Assets/Scripts/HidePanel.cs
  artifactKey: Guid(edb034baaad9bc8449b1f198fa3ad642) Importer(815301076,1909f56bfc062723c751e8b465ee728b)
Start importing Assets/Scripts/HidePanel.cs using Guid(edb034baaad9bc8449b1f198fa3ad642) Importer(815301076,1909f56bfc062723c751e8b465ee728b) [PhysX] Initialized MultithreadedTaskDispatcher with 32 workers.
 -> (artifact id: '05b071b621fca9a6ce99568181272522') in 0.000485 seconds
Number of updated asset objects reloaded before import = 0
Number of asset objects unloaded after import = 0
========================================================================
Received Import Request.
  Time since last request: 5.722880 seconds.
  path: Assets/Scripts/NPCColor.cs
  artifactKey: Guid(aa9e6d0e8f840ee47b7c493cf00f4a9a) Importer(815301076,1909f56bfc062723c751e8b465ee728b)
Start importing Assets/Scripts/NPCColor.cs using Guid(aa9e6d0e8f840ee47b7c493cf00f4a9a) Importer(815301076,1909f56bfc062723c751e8b465ee728b) [PhysX] Initialized MultithreadedTaskDispatcher with 32 workers.
 -> (artifact id: '65789a6ccdd5319a2b2351327991070e') in 0.000412 seconds
Number of updated asset objects reloaded before import = 0
Number of asset objects unloaded after import = 0
========================================================================
Received Import Request.
  Time since last request: 5.005159 seconds.
  path: Assets/Scripts/NPCConversation2.cs
  artifactKey: Guid(5607f45381e6aac4a99e3f66d9d24f39) Importer(815301076,1909f56bfc062723c751e8b465ee728b)
Start importing Assets/Scripts/NPCConversation2.cs using Guid(5607f45381e6aac4a99e3f66d9d24f39) Importer(815301076,1909f56bfc062723c751e8b465ee728b) [PhysX] Initialized MultithreadedTaskDispatcher with 32 workers.
 -> (artifact id: '8d132c4fdb64062ec15223e5237cba91') in 0.000417 seconds
Number of updated asset objects reloaded before import = 0
Number of asset objects unloaded after import = 0
========================================================================
Received Import Request.
  Time since last request: 7.601708 seconds.
  path: Assets/Scripts/NPCConversation3.cs
  artifactKey: Guid(6885afb99509ee544802ed2b395081a5) Importer(815301076,1909f56bfc062723c751e8b465ee728b)
Start importing Assets/Scripts/NPCConversation3.cs using Guid(6885afb99509ee544802ed2b395081a5) Importer(815301076,1909f56bfc062723c751e8b465ee728b) [PhysX] Initialized MultithreadedTaskDispatcher with 32 workers.
 -> (artifact id: '9aaa4ab3914cc5db0939762d7eb6e53e') in 0.000420 seconds
Number of updated asset objects reloaded before import = 0
Number of asset objects unloaded after import = 0
========================================================================
Received Import Request.
  Time since last request: 5.983003 seconds.
  path: Assets/Scripts/NPCConversations.cs
  artifactKey: Guid(de3d64e02e8590242827bc05212a6787) Importer(815301076,1909f56bfc062723c751e8b465ee728b)
Start importing Assets/Scripts/NPCConversations.cs using Guid(de3d64e02e8590242827bc05212a6787) Importer(815301076,1909f56bfc062723c751e8b465ee728b) [PhysX] Initialized MultithreadedTaskDispatcher with 32 workers.
 -> (artifact id: 'a6bc8da8e127464b60a39998af43717a') in 0.000410 seconds
Number of updated asset objects reloaded before import = 0
Number of asset objects unloaded after import = 0
========================================================================
Received Prepare
Caller must complete domain reload
Begin MonoManager ReloadAssembly
- Loaded All Assemblies, in  0.296 seconds
Native extension for WindowsStandalone target not found
Mono: successfully reloaded assembly
- Finished resetting the current domain, in  0.608 seconds
Domain Reload Profiling: 902ms
	BeginReloadAssembly (101ms)
		ExecutionOrderSort (0ms)
		DisableScriptedObjects (3ms)
		BackupInstance (0ms)
		ReleaseScriptingObjects (0ms)
		CreateAndSetChildDomain (19ms)
	RebuildCommonClasses (22ms)
	RebuildNativeTypeToScriptingClass (7ms)
	initialDomainReloadingComplete (20ms)
	LoadAllAssembliesAndSetupDomain (145ms)
		LoadAssemblies (182ms)
		RebuildTransferFunctionScriptingTraits (0ms)
		AnalyzeDomain (17ms)
			TypeCache.Refresh (6ms)
				TypeCache.ScanAssembly (0ms)
			ScanForSourceGeneratedMonoScriptInfo (4ms)
			ResolveRequiredComponents (3ms)
	FinalizeReload (608ms)
		ReleaseScriptCaches (0ms)
		RebuildScriptCaches (0ms)
		SetupLoadedEditorAssemblies (293ms)
			LogAssemblyErrors (0ms)
			InitializePlatformSupportModulesInManaged (5ms)
			SetLoadedEditorAssemblies (2ms)
			RefreshPlugins (0ms)
			BeforeProcessingInitializeOnLoad (48ms)
			ProcessInitializeOnLoadAttributes (219ms)
			ProcessInitializeOnLoadMethodAttributes (13ms)
			AfterProcessingInitializeOnLoad (6ms)
			EditorAssembliesLoaded (0ms)
		ExecutionOrderSort2 (0ms)
		AwakeInstancesAfterBackupRestoration (6ms)
Refreshing native plugins compatible for Editor in 4.09 ms, found 3 plugins.
Preloading 0 native plugins for Editor in 0.00 ms.
Unloading 3163 Unused Serialized files (Serialized files now loaded: 0)
Unloading 22 unused Assets / (446.9 KB). Loaded Objects now: 3682.
Memory consumption went from 136.7 MB to 136.3 MB.
Total: 3.774400 ms (FindLiveObjects: 0.228000 ms CreateObjectMapping: 0.091100 ms MarkObjects: 3.089200 ms  DeleteObjects: 0.364600 ms)

Prepare: number of updated asset objects reloaded= 0
AssetImportParameters requested are different than current active one (requested -> active):
  custom:scripting/monoscript/fileName/NPCConversations.cs: e7b453f49e0ecc974ee4610f5df016d2 -> c325f2dfe320ed760ee367e93c7343e9
  custom:scripting/monoscript/fileName/DontDestroyBulletSound.cs: 27eea3d677e22602559315e38ece0ddf -> dd7f7a0f5da576c9bd042e2d999f2f87
  custom:container-demuxer-ogg: 62fdf1f143b41e24485cea50d1cbac27 -> 
  custom:video-codec-MediaFoundation-h265: 746d11721c4dcdbdad8f713fa42b33f4 -> 
  custom:video-decoder-ogg-theora: a1e56fd34408186e4bbccfd4996cb3dc -> 
  custom:framework-win-MediaFoundation: 216162199b28c13a410421893ffa2e32 -> 
  custom:scripting/monoscript/fileName/DontDestroyOnLoad.cs: dbe9367a862691b5385a97d4e47fc1de -> a20da4ab4d72b2746f62834b60d249c4
  custom:CustomObjectIndexerAttribute: 9a22284fe3817be447336de3de66b15e -> 
  custom:container-demuxer-webm: 4f35f7cbe854078d1ac9338744f61a02 -> 
  custom:scripting/monoscript/fileName/DestroyFence.cs: dff2e27bd40dcd712db6dd2d62a45775 -> d2cb84dacc9ca32d4ebb690c179d1209
  custom:scripting/monoscript/fileName/MusicAndSFX.cs: 8b341cf5e8717c7b42c626c10fc2d3f3 -> 2acc5be66e8488d65aa2bff625b76d27
  custom:container-muxer-webm: aa71ff27fc2769a1b78a27578f13a17b -> 
  custom:video-decoder-webm-vp8: 9c59270c3fd7afecdb556c50c9e8de78 -> 
  custom:SearchIndexIgnoredProperties: e643bd26f0fe6173181afceb89e7c659 -> 
  custom:AudioImporter_EditorPlatform: d09bf68614088b80899f8185d706f6e7 -> 
  custom:scripting/monoscript/fileName/quitApp.cs: 36ee526b8693548ceffa5fc433b4a867 -> d31e27c6ab3e83ab8d3efc5db2ce5f18
  custom:scripting/monoscript/fileName/DontDestroyMusic.cs: 19aa6f090a3fe0f598f9161c99a08d0b -> c9f401c9ab0c8c78ac8bf7528d8078a8
  custom:scripting/monoscript/fileName/NPCColor.cs: 93475bed20f9110d24f8617dcf8856d5 -> c58c305e85223665f6df19bf0e5b7c78
  custom:scripting/monoscript/fileName/PowerUp.cs: 742fbdfa71baaaf8faeb5cd15c97d499 -> f15b9ebfef18a6c65d9e3e5db527cf70
  custom:video-encoder-webm-vp8: eb34c28f22e8b96e1ab97ce403110664 -> 
  custom:audio-decoder-ogg-vorbis: bf7c407c2cedff20999df2af8eb42d56 -> 
  custom:scripting/monoscript/fileName/HidePanel.cs: 1dde27386449f34caff34fe63e0ff995 -> e5f118908a9613f24e84491e5a5e6fa3
  custom:scripting/monoscript/fileName/NPCConversation2.cs: b7ff32a5341aa45ddc588fb90d7d34e7 -> 3b596464fe8755d6a086a31a81d9d73e
  custom:scripting/monoscript/fileName/NPCConversation3.cs: 2136d3203dc14745cc5475c4a699eacd -> 347e1dd78763a0ecaac84b452b6b03ae
  custom:audio-encoder-webm-vorbis: bf7c407c2cedff20999df2af8eb42d56 -> 
  custom:scripting/monoscript/fileName/DestroyFenceAfterMeetingNPC.cs: 188bb86157f0f45efbb1747c0003b714 -> 5c6826ab649208ee32816bfc4453d142
========================================================================
Received Prepare
Refreshing native plugins compatible for Editor in 5.55 ms, found 3 plugins.
Preloading 0 native plugins for Editor in 0.00 ms.
Unloading 9 Unused Serialized files (Serialized files now loaded: 0)
Unloading 9 unused Assets / (438.8 KB). Loaded Objects now: 3682.
Memory consumption went from 88.1 MB to 87.7 MB.
Total: 4.198300 ms (FindLiveObjects: 0.217700 ms CreateObjectMapping: 0.089900 ms MarkObjects: 3.562900 ms  DeleteObjects: 0.326800 ms)

Prepare: number of updated asset objects reloaded= 0
AssetImportParameters requested are different than current active one (requested -> active):
  custom:scripting/monoscript/fileName/NPCConversations.cs: e7b453f49e0ecc974ee4610f5df016d2 -> c325f2dfe320ed760ee367e93c7343e9
  custom:scripting/monoscript/fileName/DontDestroyBulletSound.cs: 27eea3d677e22602559315e38ece0ddf -> dd7f7a0f5da576c9bd042e2d999f2f87
  custom:container-demuxer-ogg: 62fdf1f143b41e24485cea50d1cbac27 -> 
  custom:video-codec-MediaFoundation-h265: 746d11721c4dcdbdad8f713fa42b33f4 -> 
  custom:video-decoder-ogg-theora: a1e56fd34408186e4bbccfd4996cb3dc -> 
  custom:framework-win-MediaFoundation: 216162199b28c13a410421893ffa2e32 -> 
  custom:scripting/monoscript/fileName/DontDestroyOnLoad.cs: dbe9367a862691b5385a97d4e47fc1de -> a20da4ab4d72b2746f62834b60d249c4
  custom:CustomObjectIndexerAttribute: 9a22284fe3817be447336de3de66b15e -> 
  custom:container-demuxer-webm: 4f35f7cbe854078d1ac9338744f61a02 -> 
  custom:scripting/monoscript/fileName/DestroyFence.cs: dff2e27bd40dcd712db6dd2d62a45775 -> d2cb84dacc9ca32d4ebb690c179d1209
  custom:scripting/monoscript/fileName/MusicAndSFX.cs: 8b341cf5e8717c7b42c626c10fc2d3f3 -> 2acc5be66e8488d65aa2bff625b76d27
  custom:container-muxer-webm: aa71ff27fc2769a1b78a27578f13a17b -> 
  custom:video-decoder-webm-vp8: 9c59270c3fd7afecdb556c50c9e8de78 -> 
  custom:SearchIndexIgnoredProperties: e643bd26f0fe6173181afceb89e7c659 -> 
  custom:AudioImporter_EditorPlatform: d09bf68614088b80899f8185d706f6e7 -> 
  custom:scripting/monoscript/fileName/quitApp.cs: 36ee526b8693548ceffa5fc433b4a867 -> d31e27c6ab3e83ab8d3efc5db2ce5f18
  custom:scripting/monoscript/fileName/DontDestroyMusic.cs: 19aa6f090a3fe0f598f9161c99a08d0b -> c9f401c9ab0c8c78ac8bf7528d8078a8
  custom:scripting/monoscript/fileName/NPCColor.cs: 93475bed20f9110d24f8617dcf8856d5 -> c58c305e85223665f6df19bf0e5b7c78
  custom:scripting/monoscript/fileName/PowerUp.cs: 742fbdfa71baaaf8faeb5cd15c97d499 -> f15b9ebfef18a6c65d9e3e5db527cf70
  custom:video-encoder-webm-vp8: eb34c28f22e8b96e1ab97ce403110664 -> 
  custom:audio-decoder-ogg-vorbis: bf7c407c2cedff20999df2af8eb42d56 -> 
  custom:scripting/monoscript/fileName/HidePanel.cs: 1dde27386449f34caff34fe63e0ff995 -> e5f118908a9613f24e84491e5a5e6fa3
  custom:scripting/monoscript/fileName/NPCConversation2.cs: b7ff32a5341aa45ddc588fb90d7d34e7 -> 3b596464fe8755d6a086a31a81d9d73e
  custom:scripting/monoscript/fileName/NPCConversation3.cs: 2136d3203dc14745cc5475c4a699eacd -> 347e1dd78763a0ecaac84b452b6b03ae
  custom:audio-encoder-webm-vorbis: bf7c407c2cedff20999df2af8eb42d56 -> 
  custom:scripting/monoscript/fileName/DestroyFenceAfterMeetingNPC.cs: 188bb86157f0f45efbb1747c0003b714 -> 5c6826ab649208ee32816bfc4453d142
========================================================================
Received Import Request.
  Time since last request: 252.534385 seconds.
  path: Assets/Scripts/PowerUp.cs
  artifactKey: Guid(16d318b70f09b064cb8dd12b42aea916) Importer(815301076,1909f56bfc062723c751e8b465ee728b)
Start importing Assets/Scripts/PowerUp.cs using Guid(16d318b70f09b064cb8dd12b42aea916) Importer(815301076,1909f56bfc062723c751e8b465ee728b) [PhysX] Initialized MultithreadedTaskDispatcher with 32 workers.
 -> (artifact id: 'ce48433286ec0f051f850dc12fee06da') in 0.006371 seconds
Number of updated asset objects reloaded before import = 0
Number of asset objects unloaded after import = 0
========================================================================
Received Import Request.
  Time since last request: 2.354724 seconds.
  path: Assets/Assets/TextMesh Pro/Fonts/LiberationSans.ttf
  artifactKey: Guid(e3265ab4bf004d28a9537516768c1c75) Importer(815301076,1909f56bfc062723c751e8b465ee728b)
Start importing Assets/Assets/TextMesh Pro/Fonts/LiberationSans.ttf using Guid(e3265ab4bf004d28a9537516768c1c75) Importer(815301076,1909f56bfc062723c751e8b465ee728b) [PhysX] Initialized MultithreadedTaskDispatcher with 32 workers.
[PhysX] Initialized MultithreadedTaskDispatcher with 32 workers.
[PhysX] Initialized MultithreadedTaskDispatcher with 32 workers.
 -> (artifact id: 'cc0b5300b8e0f983116f46e186ac1a94') in 0.088506 seconds
Number of updated asset objects reloaded before import = 0
Number of asset objects unloaded after import = 4
========================================================================
Received Import Request.
  Time since last request: 0.000013 seconds.
  path: Assets/TextMesh Pro/Resources/Fonts & Materials/LiberationSans SDF - Outline.mat
  artifactKey: Guid(79459efec17a4d00a321bdcc27bbc385) Importer(815301076,1909f56bfc062723c751e8b465ee728b)
Start importing Assets/TextMesh Pro/Resources/Fonts & Materials/LiberationSans SDF - Outline.mat using Guid(79459efec17a4d00a321bdcc27bbc385) Importer(815301076,1909f56bfc062723c751e8b465ee728b) [PhysX] Initialized MultithreadedTaskDispatcher with 32 workers.
[PhysX] Initialized MultithreadedTaskDispatcher with 32 workers.
 -> (artifact id: '9daa9b01c720176e4270b07ef50dfe44') in 0.052925 seconds
Number of updated asset objects reloaded before import = 0
Number of asset objects unloaded after import = 2
========================================================================
Received Import Request.
  Time since last request: 1.708305 seconds.
  path: Assets/Scripts/SaveAndExit.cs
  artifactKey: Guid(57c30f910ebfd624c96bff8eeb77dd5a) Importer(815301076,1909f56bfc062723c751e8b465ee728b)
Start importing Assets/Scripts/SaveAndExit.cs using Guid(57c30f910ebfd624c96bff8eeb77dd5a) Importer(815301076,1909f56bfc062723c751e8b465ee728b) [PhysX] Initialized MultithreadedTaskDispatcher with 32 workers.
 -> (artifact id: '336b0f765d1d186835dd68f968d3cd2d') in 0.000551 seconds
Number of updated asset objects reloaded before import = 0
Number of asset objects unloaded after import = 0
========================================================================
Received Prepare
Caller must complete domain reload
Begin MonoManager ReloadAssembly
- Loaded All Assemblies, in  0.287 seconds
Native extension for WindowsStandalone target not found
Mono: successfully reloaded assembly
- Finished resetting the current domain, in  0.639 seconds
Domain Reload Profiling: 924ms
	BeginReloadAssembly (99ms)
		ExecutionOrderSort (0ms)
		DisableScriptedObjects (2ms)
		BackupInstance (0ms)
		ReleaseScriptingObjects (0ms)
		CreateAndSetChildDomain (20ms)
	RebuildCommonClasses (19ms)
	RebuildNativeTypeToScriptingClass (7ms)
	initialDomainReloadingComplete (20ms)
	LoadAllAssembliesAndSetupDomain (141ms)
		LoadAssemblies (180ms)
		RebuildTransferFunctionScriptingTraits (0ms)
		AnalyzeDomain (14ms)
			TypeCache.Refresh (6ms)
				TypeCache.ScanAssembly (0ms)
			ScanForSourceGeneratedMonoScriptInfo (4ms)
			ResolveRequiredComponents (3ms)
	FinalizeReload (640ms)
		ReleaseScriptCaches (0ms)
		RebuildScriptCaches (0ms)
		SetupLoadedEditorAssemblies (256ms)
			LogAssemblyErrors (0ms)
			InitializePlatformSupportModulesInManaged (6ms)
			SetLoadedEditorAssemblies (3ms)
			RefreshPlugins (0ms)
			BeforeProcessingInitializeOnLoad (45ms)
			ProcessInitializeOnLoadAttributes (186ms)
			ProcessInitializeOnLoadMethodAttributes (12ms)
			AfterProcessingInitializeOnLoad (5ms)
			EditorAssembliesLoaded (0ms)
		ExecutionOrderSort2 (0ms)
		AwakeInstancesAfterBackupRestoration (5ms)
Refreshing native plugins compatible for Editor in 4.45 ms, found 3 plugins.
Preloading 0 native plugins for Editor in 0.00 ms.
Unloading 3163 Unused Serialized files (Serialized files now loaded: 0)
Unloading 22 unused Assets / (446.8 KB). Loaded Objects now: 3730.
Memory consumption went from 141.5 MB to 141.1 MB.
Total: 3.841900 ms (FindLiveObjects: 0.250700 ms CreateObjectMapping: 0.135800 ms MarkObjects: 3.174000 ms  DeleteObjects: 0.280200 ms)

Prepare: number of updated asset objects reloaded= 0
AssetImportParameters requested are different than current active one (requested -> active):
  custom:scripting/monoscript/fileName/NPCConversations.cs: e7b453f49e0ecc974ee4610f5df016d2 -> c325f2dfe320ed760ee367e93c7343e9
  custom:scripting/monoscript/fileName/DontDestroyBulletSound.cs: 27eea3d677e22602559315e38ece0ddf -> dd7f7a0f5da576c9bd042e2d999f2f87
  custom:container-demuxer-ogg: 62fdf1f143b41e24485cea50d1cbac27 -> 
  custom:video-codec-MediaFoundation-h265: 746d11721c4dcdbdad8f713fa42b33f4 -> 
  custom:video-decoder-ogg-theora: a1e56fd34408186e4bbccfd4996cb3dc -> 
  custom:framework-win-MediaFoundation: 216162199b28c13a410421893ffa2e32 -> 
  custom:scripting/monoscript/fileName/DontDestroyOnLoad.cs: dbe9367a862691b5385a97d4e47fc1de -> a20da4ab4d72b2746f62834b60d249c4
  custom:CustomObjectIndexerAttribute: 9a22284fe3817be447336de3de66b15e -> 
  custom:container-demuxer-webm: 4f35f7cbe854078d1ac9338744f61a02 -> 
  custom:scripting/monoscript/fileName/DestroyFence.cs: dff2e27bd40dcd712db6dd2d62a45775 -> d2cb84dacc9ca32d4ebb690c179d1209
  custom:scripting/monoscript/fileName/MusicAndSFX.cs: 8b341cf5e8717c7b42c626c10fc2d3f3 -> 2acc5be66e8488d65aa2bff625b76d27
  custom:container-muxer-webm: aa71ff27fc2769a1b78a27578f13a17b -> 
  custom:video-decoder-webm-vp8: 9c59270c3fd7afecdb556c50c9e8de78 -> 
  custom:SearchIndexIgnoredProperties: e643bd26f0fe6173181afceb89e7c659 -> 
  custom:AudioImporter_EditorPlatform: d09bf68614088b80899f8185d706f6e7 -> 
  custom:scripting/monoscript/fileName/quitApp.cs: 36ee526b8693548ceffa5fc433b4a867 -> d31e27c6ab3e83ab8d3efc5db2ce5f18
  custom:scripting/monoscript/fileName/DontDestroyMusic.cs: 19aa6f090a3fe0f598f9161c99a08d0b -> c9f401c9ab0c8c78ac8bf7528d8078a8
  custom:scripting/monoscript/fileName/NPCColor.cs: 93475bed20f9110d24f8617dcf8856d5 -> c58c305e85223665f6df19bf0e5b7c78
  custom:scripting/monoscript/fileName/PowerUp.cs: 742fbdfa71baaaf8faeb5cd15c97d499 -> f15b9ebfef18a6c65d9e3e5db527cf70
  custom:video-encoder-webm-vp8: eb34c28f22e8b96e1ab97ce403110664 -> 
  custom:audio-decoder-ogg-vorbis: bf7c407c2cedff20999df2af8eb42d56 -> 
  custom:scripting/monoscript/fileName/HidePanel.cs: 1dde27386449f34caff34fe63e0ff995 -> e5f118908a9613f24e84491e5a5e6fa3
  custom:scripting/monoscript/fileName/NPCConversation2.cs: b7ff32a5341aa45ddc588fb90d7d34e7 -> 3b596464fe8755d6a086a31a81d9d73e
  custom:scripting/monoscript/fileName/NPCConversation3.cs: 2136d3203dc14745cc5475c4a699eacd -> 347e1dd78763a0ecaac84b452b6b03ae
  custom:audio-encoder-webm-vorbis: bf7c407c2cedff20999df2af8eb42d56 -> 
  custom:scripting/monoscript/fileName/DestroyFenceAfterMeetingNPC.cs: 188bb86157f0f45efbb1747c0003b714 -> 5c6826ab649208ee32816bfc4453d142
========================================================================
Received Prepare
Caller must complete domain reload
Begin MonoManager ReloadAssembly
- Loaded All Assemblies, in  0.308 seconds
Native extension for WindowsStandalone target not found
Mono: successfully reloaded assembly
- Finished resetting the current domain, in  0.775 seconds
Domain Reload Profiling: 1079ms
	BeginReloadAssembly (101ms)
		ExecutionOrderSort (0ms)
		DisableScriptedObjects (3ms)
		BackupInstance (0ms)
		ReleaseScriptingObjects (0ms)
		CreateAndSetChildDomain (16ms)
	RebuildCommonClasses (20ms)
	RebuildNativeTypeToScriptingClass (8ms)
	initialDomainReloadingComplete (35ms)
	LoadAllAssembliesAndSetupDomain (140ms)
		LoadAssemblies (184ms)
		RebuildTransferFunctionScriptingTraits (0ms)
		AnalyzeDomain (15ms)
			TypeCache.Refresh (6ms)
				TypeCache.ScanAssembly (0ms)
			ScanForSourceGeneratedMonoScriptInfo (4ms)
			ResolveRequiredComponents (3ms)
	FinalizeReload (775ms)
		ReleaseScriptCaches (0ms)
		RebuildScriptCaches (0ms)
		SetupLoadedEditorAssemblies (268ms)
			LogAssemblyErrors (0ms)
			InitializePlatformSupportModulesInManaged (4ms)
			SetLoadedEditorAssemblies (2ms)
			RefreshPlugins (0ms)
			BeforeProcessingInitializeOnLoad (37ms)
			ProcessInitializeOnLoadAttributes (209ms)
			ProcessInitializeOnLoadMethodAttributes (11ms)
			AfterProcessingInitializeOnLoad (4ms)
			EditorAssembliesLoaded (0ms)
		ExecutionOrderSort2 (0ms)
		AwakeInstancesAfterBackupRestoration (5ms)
Refreshing native plugins compatible for Editor in 4.43 ms, found 3 plugins.
Preloading 0 native plugins for Editor in 0.00 ms.
Unloading 3164 Unused Serialized files (Serialized files now loaded: 0)
Unloading 22 unused Assets / (446.7 KB). Loaded Objects now: 3733.
Memory consumption went from 141.8 MB to 141.4 MB.
Total: 3.646400 ms (FindLiveObjects: 0.238600 ms CreateObjectMapping: 0.093400 ms MarkObjects: 3.017900 ms  DeleteObjects: 0.295000 ms)

Prepare: number of updated asset objects reloaded= 0
AssetImportParameters requested are different than current active one (requested -> active):
  custom:scripting/monoscript/fileName/NPCConversations.cs: e7b453f49e0ecc974ee4610f5df016d2 -> c325f2dfe320ed760ee367e93c7343e9
  custom:scripting/monoscript/fileName/DontDestroyBulletSound.cs: 27eea3d677e22602559315e38ece0ddf -> dd7f7a0f5da576c9bd042e2d999f2f87
  custom:container-demuxer-ogg: 62fdf1f143b41e24485cea50d1cbac27 -> 
  custom:video-codec-MediaFoundation-h265: 746d11721c4dcdbdad8f713fa42b33f4 -> 
  custom:video-decoder-ogg-theora: a1e56fd34408186e4bbccfd4996cb3dc -> 
  custom:framework-win-MediaFoundation: 216162199b28c13a410421893ffa2e32 -> 
  custom:scripting/monoscript/fileName/DontDestroyOnLoad.cs: dbe9367a862691b5385a97d4e47fc1de -> a20da4ab4d72b2746f62834b60d249c4
  custom:CustomObjectIndexerAttribute: 9a22284fe3817be447336de3de66b15e -> 
  custom:container-demuxer-webm: 4f35f7cbe854078d1ac9338744f61a02 -> 
  custom:scripting/monoscript/fileName/DestroyFence.cs: dff2e27bd40dcd712db6dd2d62a45775 -> d2cb84dacc9ca32d4ebb690c179d1209
  custom:scripting/monoscript/fileName/MusicAndSFX.cs: 8b341cf5e8717c7b42c626c10fc2d3f3 -> 2acc5be66e8488d65aa2bff625b76d27
  custom:container-muxer-webm: aa71ff27fc2769a1b78a27578f13a17b -> 
  custom:video-decoder-webm-vp8: 9c59270c3fd7afecdb556c50c9e8de78 -> 
  custom:SearchIndexIgnoredProperties: e643bd26f0fe6173181afceb89e7c659 -> 
  custom:AudioImporter_EditorPlatform: d09bf68614088b80899f8185d706f6e7 -> 
  custom:scripting/monoscript/fileName/quitApp.cs: 36ee526b8693548ceffa5fc433b4a867 -> d31e27c6ab3e83ab8d3efc5db2ce5f18
  custom:scripting/monoscript/fileName/DontDestroyMusic.cs: 19aa6f090a3fe0f598f9161c99a08d0b -> c9f401c9ab0c8c78ac8bf7528d8078a8
  custom:scripting/monoscript/fileName/NPCColor.cs: 93475bed20f9110d24f8617dcf8856d5 -> c58c305e85223665f6df19bf0e5b7c78
  custom:scripting/monoscript/fileName/PowerUp.cs: 742fbdfa71baaaf8faeb5cd15c97d499 -> f15b9ebfef18a6c65d9e3e5db527cf70
  custom:video-encoder-webm-vp8: eb34c28f22e8b96e1ab97ce403110664 -> 
  custom:audio-decoder-ogg-vorbis: bf7c407c2cedff20999df2af8eb42d56 -> 
  custom:scripting/monoscript/fileName/HidePanel.cs: 1dde27386449f34caff34fe63e0ff995 -> e5f118908a9613f24e84491e5a5e6fa3
  custom:scripting/monoscript/fileName/NPCConversation2.cs: b7ff32a5341aa45ddc588fb90d7d34e7 -> 3b596464fe8755d6a086a31a81d9d73e
  custom:scripting/monoscript/fileName/NPCConversation3.cs: 2136d3203dc14745cc5475c4a699eacd -> 347e1dd78763a0ecaac84b452b6b03ae
  custom:audio-encoder-webm-vorbis: bf7c407c2cedff20999df2af8eb42d56 -> 
  custom:scripting/monoscript/fileName/DestroyFenceAfterMeetingNPC.cs: 188bb86157f0f45efbb1747c0003b714 -> 5c6826ab649208ee32816bfc4453d142
========================================================================
Received Prepare
Refreshing native plugins compatible for Editor in 5.91 ms, found 3 plugins.
Preloading 0 native plugins for Editor in 0.00 ms.
Unloading 9 Unused Serialized files (Serialized files now loaded: 0)
Unloading 9 unused Assets / (439.3 KB). Loaded Objects now: 3733.
Memory consumption went from 93.0 MB to 92.5 MB.
Total: 3.984800 ms (FindLiveObjects: 0.220600 ms CreateObjectMapping: 0.091200 ms MarkObjects: 3.285300 ms  DeleteObjects: 0.386500 ms)

Prepare: number of updated asset objects reloaded= 0
AssetImportParameters requested are different than current active one (requested -> active):
  custom:scripting/monoscript/fileName/NPCConversations.cs: e7b453f49e0ecc974ee4610f5df016d2 -> c325f2dfe320ed760ee367e93c7343e9
  custom:scripting/monoscript/fileName/DontDestroyBulletSound.cs: 27eea3d677e22602559315e38ece0ddf -> dd7f7a0f5da576c9bd042e2d999f2f87
  custom:container-demuxer-ogg: 62fdf1f143b41e24485cea50d1cbac27 -> 
  custom:video-codec-MediaFoundation-h265: 746d11721c4dcdbdad8f713fa42b33f4 -> 
  custom:video-decoder-ogg-theora: a1e56fd34408186e4bbccfd4996cb3dc -> 
  custom:framework-win-MediaFoundation: 216162199b28c13a410421893ffa2e32 -> 
  custom:scripting/monoscript/fileName/DontDestroyOnLoad.cs: dbe9367a862691b5385a97d4e47fc1de -> a20da4ab4d72b2746f62834b60d249c4
  custom:CustomObjectIndexerAttribute: 9a22284fe3817be447336de3de66b15e -> 
  custom:container-demuxer-webm: 4f35f7cbe854078d1ac9338744f61a02 -> 
  custom:scripting/monoscript/fileName/DestroyFence.cs: dff2e27bd40dcd712db6dd2d62a45775 -> d2cb84dacc9ca32d4ebb690c179d1209
  custom:scripting/monoscript/fileName/MusicAndSFX.cs: 8b341cf5e8717c7b42c626c10fc2d3f3 -> 2acc5be66e8488d65aa2bff625b76d27
  custom:container-muxer-webm: aa71ff27fc2769a1b78a27578f13a17b -> 
  custom:video-decoder-webm-vp8: 9c59270c3fd7afecdb556c50c9e8de78 -> 
  custom:SearchIndexIgnoredProperties: e643bd26f0fe6173181afceb89e7c659 -> 
  custom:AudioImporter_EditorPlatform: d09bf68614088b80899f8185d706f6e7 -> 
  custom:scripting/monoscript/fileName/quitApp.cs: 36ee526b8693548ceffa5fc433b4a867 -> d31e27c6ab3e83ab8d3efc5db2ce5f18
  custom:scripting/monoscript/fileName/DontDestroyMusic.cs: 19aa6f090a3fe0f598f9161c99a08d0b -> c9f401c9ab0c8c78ac8bf7528d8078a8
  custom:scripting/monoscript/fileName/NPCColor.cs: 93475bed20f9110d24f8617dcf8856d5 -> c58c305e85223665f6df19bf0e5b7c78
  custom:scripting/monoscript/fileName/PowerUp.cs: 742fbdfa71baaaf8faeb5cd15c97d499 -> f15b9ebfef18a6c65d9e3e5db527cf70
  custom:video-encoder-webm-vp8: eb34c28f22e8b96e1ab97ce403110664 -> 
  custom:audio-decoder-ogg-vorbis: bf7c407c2cedff20999df2af8eb42d56 -> 
  custom:scripting/monoscript/fileName/HidePanel.cs: 1dde27386449f34caff34fe63e0ff995 -> e5f118908a9613f24e84491e5a5e6fa3
  custom:scripting/monoscript/fileName/NPCConversation2.cs: b7ff32a5341aa45ddc588fb90d7d34e7 -> 3b596464fe8755d6a086a31a81d9d73e
  custom:scripting/monoscript/fileName/NPCConversation3.cs: 2136d3203dc14745cc5475c4a699eacd -> 347e1dd78763a0ecaac84b452b6b03ae
  custom:audio-encoder-webm-vorbis: bf7c407c2cedff20999df2af8eb42d56 -> 
  custom:scripting/monoscript/fileName/DestroyFenceAfterMeetingNPC.cs: 188bb86157f0f45efbb1747c0003b714 -> 5c6826ab649208ee32816bfc4453d142
