Using pre-set license
Built from '2022.3/staging' branch; Version is '2022.3.56f1 (dd0c98481d00) revision 14486680'; Using compiler version '192829333'; Build Type 'Release'
OS: 'Windows 11  (10.0.26100) 64bit Core' Language: 'en' Physical Memory: 32507 MB
BatchMode: 1, IsHumanControllingUs: 0, StartBugReporterOnCrash: 0, Is64bit: 1, IsPro: 1

COMMAND LINE ARGUMENTS:
C:\Program Files\Unity\Hub\Editor\2022.3.56f1\Editor\Unity.exe
-adb2
-batchMode
-noUpm
-name
AssetImportWorker15
-projectPath
C:/Github/DMIT2017/AyushThakurFinalDemo
-logFile
Logs/AssetImportWorker15.log
-srvPort
58147
Successfully changed project path to: C:/Github/DMIT2017/AyushThakurFinalDemo
C:/Github/DMIT2017/AyushThakurFinalDemo
[UnityMemory] Configuration Parameters - Can be set up in boot.config
    "memorysetup-bucket-allocator-granularity=16"
    "memorysetup-bucket-allocator-bucket-count=8"
    "memorysetup-bucket-allocator-block-size=33554432"
    "memorysetup-bucket-allocator-block-count=8"
    "memorysetup-main-allocator-block-size=16777216"
    "memorysetup-thread-allocator-block-size=16777216"
    "memorysetup-gfx-main-allocator-block-size=16777216"
    "memorysetup-gfx-thread-allocator-block-size=16777216"
    "memorysetup-cache-allocator-block-size=4194304"
    "memorysetup-typetree-allocator-block-size=2097152"
    "memorysetup-profiler-bucket-allocator-granularity=16"
    "memorysetup-profiler-bucket-allocator-bucket-count=8"
    "memorysetup-profiler-bucket-allocator-block-size=33554432"
    "memorysetup-profiler-bucket-allocator-block-count=8"
    "memorysetup-profiler-allocator-block-size=16777216"
    "memorysetup-profiler-editor-allocator-block-size=1048576"
    "memorysetup-temp-allocator-size-main=16777216"
    "memorysetup-job-temp-allocator-block-size=2097152"
    "memorysetup-job-temp-allocator-block-size-background=1048576"
    "memorysetup-job-temp-allocator-reduction-small-platforms=262144"
    "memorysetup-allocator-temp-initial-block-size-main=262144"
    "memorysetup-allocator-temp-initial-block-size-worker=262144"
    "memorysetup-temp-allocator-size-background-worker=32768"
    "memorysetup-temp-allocator-size-job-worker=262144"
    "memorysetup-temp-allocator-size-preload-manager=33554432"
    "memorysetup-temp-allocator-size-nav-mesh-worker=65536"
    "memorysetup-temp-allocator-size-audio-worker=65536"
    "memorysetup-temp-allocator-size-cloud-worker=32768"
    "memorysetup-temp-allocator-size-gi-baking-worker=262144"
    "memorysetup-temp-allocator-size-gfx=262144"
Player connection [45012]  Target information:

Player connection [45012]  * "[IP] 10.0.0.132 [Port] 0 [Flags] 2 [Guid] 3457009949 [EditorId] 3457009949 [Version] 1048832 [Id] WindowsEditor(7,xTrEmEgOd) [Debug] 1 [PackageName] WindowsEditor [ProjectName] Editor" 

Player connection [45012] Host joined multi-casting on [225.0.0.222:54997]...
Player connection [45012] Host joined alternative multi-casting on [225.0.0.222:34997]...
Input System module state changed to: Initialized.
[PhysX] Initialized MultithreadedTaskDispatcher with 32 workers.
Refreshing native plugins compatible for Editor in 5.94 ms, found 3 plugins.
Preloading 0 native plugins for Editor in 0.00 ms.
Initialize engine version: 2022.3.56f1 (dd0c98481d00)
[Subsystems] Discovering subsystems at path C:/Program Files/Unity/Hub/Editor/2022.3.56f1/Editor/Data/Resources/UnitySubsystems
[Subsystems] Discovering subsystems at path C:/Github/DMIT2017/AyushThakurFinalDemo/Assets
GfxDevice: creating device client; threaded=0; jobified=0
Direct3D:
    Version:  Direct3D 11.0 [level 11.1]
    Renderer: NVIDIA GeForce RTX 4090 Laptop GPU (ID=0x2757)
    Vendor:   NVIDIA
    VRAM:     16050 MB
    Driver:   32.0.15.7270
Initialize mono
Mono path[0] = 'C:/Program Files/Unity/Hub/Editor/2022.3.56f1/Editor/Data/Managed'
Mono path[1] = 'C:/Program Files/Unity/Hub/Editor/2022.3.56f1/Editor/Data/MonoBleedingEdge/lib/mono/unityjit-win32'
Mono config path = 'C:/Program Files/Unity/Hub/Editor/2022.3.56f1/Editor/Data/MonoBleedingEdge/etc'
Using monoOptions --debugger-agent=transport=dt_socket,embedding=1,server=y,suspend=n,address=127.0.0.1:56028
Begin MonoManager ReloadAssembly
Registering precompiled unity dll's ...
Register platform support module: C:/Program Files/Unity/Hub/Editor/2022.3.56f1/Editor/Data/PlaybackEngines/WindowsStandaloneSupport/UnityEditor.WindowsStandalone.Extensions.dll
Registered in 0.004875 seconds.
- Loaded All Assemblies, in  0.248 seconds
Native extension for WindowsStandalone target not found
Mono: successfully reloaded assembly
- Finished resetting the current domain, in  0.187 seconds
Domain Reload Profiling: 435ms
	BeginReloadAssembly (77ms)
		ExecutionOrderSort (0ms)
		DisableScriptedObjects (0ms)
		BackupInstance (0ms)
		ReleaseScriptingObjects (0ms)
		CreateAndSetChildDomain (1ms)
	RebuildCommonClasses (25ms)
	RebuildNativeTypeToScriptingClass (8ms)
	initialDomainReloadingComplete (41ms)
	LoadAllAssembliesAndSetupDomain (96ms)
		LoadAssemblies (75ms)
		RebuildTransferFunctionScriptingTraits (0ms)
		AnalyzeDomain (95ms)
			TypeCache.Refresh (94ms)
				TypeCache.ScanAssembly (84ms)
			ScanForSourceGeneratedMonoScriptInfo (0ms)
			ResolveRequiredComponents (0ms)
	FinalizeReload (188ms)
		ReleaseScriptCaches (0ms)
		RebuildScriptCaches (0ms)
		SetupLoadedEditorAssemblies (154ms)
			LogAssemblyErrors (0ms)
			InitializePlatformSupportModulesInManaged (7ms)
			SetLoadedEditorAssemblies (5ms)
			RefreshPlugins (0ms)
			BeforeProcessingInitializeOnLoad (2ms)
			ProcessInitializeOnLoadAttributes (106ms)
			ProcessInitializeOnLoadMethodAttributes (34ms)
			AfterProcessingInitializeOnLoad (0ms)
			EditorAssembliesLoaded (0ms)
		ExecutionOrderSort2 (0ms)
		AwakeInstancesAfterBackupRestoration (0ms)
========================================================================
Worker process is ready to serve import requests
Caller must complete domain reload
Begin MonoManager ReloadAssembly
- Loaded All Assemblies, in  0.394 seconds
Native extension for WindowsStandalone target not found
Mono: successfully reloaded assembly
- Finished resetting the current domain, in  0.355 seconds
Domain Reload Profiling: 748ms
	BeginReloadAssembly (95ms)
		ExecutionOrderSort (0ms)
		DisableScriptedObjects (3ms)
		BackupInstance (0ms)
		ReleaseScriptingObjects (0ms)
		CreateAndSetChildDomain (13ms)
	RebuildCommonClasses (22ms)
	RebuildNativeTypeToScriptingClass (7ms)
	initialDomainReloadingComplete (28ms)
	LoadAllAssembliesAndSetupDomain (241ms)
		LoadAssemblies (188ms)
		RebuildTransferFunctionScriptingTraits (0ms)
		AnalyzeDomain (111ms)
			TypeCache.Refresh (97ms)
				TypeCache.ScanAssembly (88ms)
			ScanForSourceGeneratedMonoScriptInfo (8ms)
			ResolveRequiredComponents (4ms)
	FinalizeReload (356ms)
		ReleaseScriptCaches (0ms)
		RebuildScriptCaches (0ms)
		SetupLoadedEditorAssemblies (271ms)
			LogAssemblyErrors (0ms)
			InitializePlatformSupportModulesInManaged (4ms)
			SetLoadedEditorAssemblies (2ms)
			RefreshPlugins (0ms)
			BeforeProcessingInitializeOnLoad (42ms)
			ProcessInitializeOnLoadAttributes (206ms)
			ProcessInitializeOnLoadMethodAttributes (12ms)
			AfterProcessingInitializeOnLoad (4ms)
			EditorAssembliesLoaded (0ms)
		ExecutionOrderSort2 (0ms)
		AwakeInstancesAfterBackupRestoration (5ms)
Launched and connected shader compiler UnityShaderCompiler.exe after 0.05 seconds
Refreshing native plugins compatible for Editor in 4.47 ms, found 3 plugins.
Preloading 0 native plugins for Editor in 0.00 ms.
Unloading 3176 Unused Serialized files (Serialized files now loaded: 0)
Unloading 27 unused Assets / (473.7 KB). Loaded Objects now: 3655.
Memory consumption went from 139.1 MB to 138.6 MB.
Total: 3.961700 ms (FindLiveObjects: 0.222800 ms CreateObjectMapping: 0.075000 ms MarkObjects: 3.331500 ms  DeleteObjects: 0.331400 ms)

AssetImportParameters requested are different than current active one (requested -> active):
  custom:scripting/monoscript/fileName/NPCConversations.cs: e7b453f49e0ecc974ee4610f5df016d2 -> c325f2dfe320ed760ee367e93c7343e9
  custom:scripting/monoscript/fileName/DontDestroyBulletSound.cs: 27eea3d677e22602559315e38ece0ddf -> dd7f7a0f5da576c9bd042e2d999f2f87
  custom:container-demuxer-ogg: 62fdf1f143b41e24485cea50d1cbac27 -> 
  custom:video-codec-MediaFoundation-h265: 746d11721c4dcdbdad8f713fa42b33f4 -> 
  custom:video-decoder-ogg-theora: a1e56fd34408186e4bbccfd4996cb3dc -> 
  custom:framework-win-MediaFoundation: 216162199b28c13a410421893ffa2e32 -> 
  custom:scripting/monoscript/fileName/DontDestroyOnLoad.cs: dbe9367a862691b5385a97d4e47fc1de -> a20da4ab4d72b2746f62834b60d249c4
  custom:CustomObjectIndexerAttribute: 9a22284fe3817be447336de3de66b15e -> 
  custom:container-demuxer-webm: 4f35f7cbe854078d1ac9338744f61a02 -> 
  custom:scripting/monoscript/fileName/DestroyFence.cs: dff2e27bd40dcd712db6dd2d62a45775 -> d2cb84dacc9ca32d4ebb690c179d1209
  custom:scripting/monoscript/fileName/MusicAndSFX.cs: 8b341cf5e8717c7b42c626c10fc2d3f3 -> 2acc5be66e8488d65aa2bff625b76d27
  custom:container-muxer-webm: aa71ff27fc2769a1b78a27578f13a17b -> 
  custom:video-decoder-webm-vp8: 9c59270c3fd7afecdb556c50c9e8de78 -> 
  custom:SearchIndexIgnoredProperties: e643bd26f0fe6173181afceb89e7c659 -> 
  custom:AudioImporter_EditorPlatform: d09bf68614088b80899f8185d706f6e7 -> 
  custom:scripting/monoscript/fileName/quitApp.cs: 36ee526b8693548ceffa5fc433b4a867 -> d31e27c6ab3e83ab8d3efc5db2ce5f18
  custom:scripting/monoscript/fileName/DontDestroyMusic.cs: 19aa6f090a3fe0f598f9161c99a08d0b -> c9f401c9ab0c8c78ac8bf7528d8078a8
  custom:scripting/monoscript/fileName/NPCColor.cs: 93475bed20f9110d24f8617dcf8856d5 -> c58c305e85223665f6df19bf0e5b7c78
  custom:scripting/monoscript/fileName/PowerUp.cs: 742fbdfa71baaaf8faeb5cd15c97d499 -> f15b9ebfef18a6c65d9e3e5db527cf70
  custom:video-encoder-webm-vp8: eb34c28f22e8b96e1ab97ce403110664 -> 
  custom:audio-decoder-ogg-vorbis: bf7c407c2cedff20999df2af8eb42d56 -> 
  custom:scripting/monoscript/fileName/HidePanel.cs: 1dde27386449f34caff34fe63e0ff995 -> e5f118908a9613f24e84491e5a5e6fa3
  custom:scripting/monoscript/fileName/NPCConversation2.cs: b7ff32a5341aa45ddc588fb90d7d34e7 -> 3b596464fe8755d6a086a31a81d9d73e
  custom:scripting/monoscript/fileName/NPCConversation3.cs: 2136d3203dc14745cc5475c4a699eacd -> 347e1dd78763a0ecaac84b452b6b03ae
  custom:audio-encoder-webm-vorbis: bf7c407c2cedff20999df2af8eb42d56 -> 
  custom:scripting/monoscript/fileName/DestroyFenceAfterMeetingNPC.cs: 188bb86157f0f45efbb1747c0003b714 -> 5c6826ab649208ee32816bfc4453d142
========================================================================
Received Prepare
Caller must complete domain reload
Begin MonoManager ReloadAssembly
- Loaded All Assemblies, in  0.273 seconds
Native extension for WindowsStandalone target not found
Mono: successfully reloaded assembly
- Finished resetting the current domain, in  0.595 seconds
Domain Reload Profiling: 867ms
	BeginReloadAssembly (102ms)
		ExecutionOrderSort (0ms)
		DisableScriptedObjects (3ms)
		BackupInstance (0ms)
		ReleaseScriptingObjects (0ms)
		CreateAndSetChildDomain (20ms)
	RebuildCommonClasses (20ms)
	RebuildNativeTypeToScriptingClass (6ms)
	initialDomainReloadingComplete (19ms)
	LoadAllAssembliesAndSetupDomain (125ms)
		LoadAssemblies (170ms)
		RebuildTransferFunctionScriptingTraits (0ms)
		AnalyzeDomain (10ms)
			TypeCache.Refresh (4ms)
				TypeCache.ScanAssembly (0ms)
			ScanForSourceGeneratedMonoScriptInfo (0ms)
			ResolveRequiredComponents (4ms)
	FinalizeReload (596ms)
		ReleaseScriptCaches (0ms)
		RebuildScriptCaches (0ms)
		SetupLoadedEditorAssemblies (293ms)
			LogAssemblyErrors (0ms)
			InitializePlatformSupportModulesInManaged (5ms)
			SetLoadedEditorAssemblies (2ms)
			RefreshPlugins (0ms)
			BeforeProcessingInitializeOnLoad (45ms)
			ProcessInitializeOnLoadAttributes (219ms)
			ProcessInitializeOnLoadMethodAttributes (15ms)
			AfterProcessingInitializeOnLoad (6ms)
			EditorAssembliesLoaded (0ms)
		ExecutionOrderSort2 (0ms)
		AwakeInstancesAfterBackupRestoration (7ms)
Refreshing native plugins compatible for Editor in 4.39 ms, found 3 plugins.
Preloading 0 native plugins for Editor in 0.00 ms.
Unloading 3164 Unused Serialized files (Serialized files now loaded: 0)
Unloading 22 unused Assets / (446.2 KB). Loaded Objects now: 3658.
Memory consumption went from 137.0 MB to 136.6 MB.
Total: 3.656700 ms (FindLiveObjects: 0.200900 ms CreateObjectMapping: 0.087700 ms MarkObjects: 3.091300 ms  DeleteObjects: 0.275300 ms)

Prepare: number of updated asset objects reloaded= 0
AssetImportParameters requested are different than current active one (requested -> active):
  custom:scripting/monoscript/fileName/NPCConversations.cs: e7b453f49e0ecc974ee4610f5df016d2 -> c325f2dfe320ed760ee367e93c7343e9
  custom:scripting/monoscript/fileName/DontDestroyBulletSound.cs: 27eea3d677e22602559315e38ece0ddf -> dd7f7a0f5da576c9bd042e2d999f2f87
  custom:container-demuxer-ogg: 62fdf1f143b41e24485cea50d1cbac27 -> 
  custom:video-codec-MediaFoundation-h265: 746d11721c4dcdbdad8f713fa42b33f4 -> 
  custom:video-decoder-ogg-theora: a1e56fd34408186e4bbccfd4996cb3dc -> 
  custom:framework-win-MediaFoundation: 216162199b28c13a410421893ffa2e32 -> 
  custom:scripting/monoscript/fileName/DontDestroyOnLoad.cs: dbe9367a862691b5385a97d4e47fc1de -> a20da4ab4d72b2746f62834b60d249c4
  custom:CustomObjectIndexerAttribute: 9a22284fe3817be447336de3de66b15e -> 
  custom:container-demuxer-webm: 4f35f7cbe854078d1ac9338744f61a02 -> 
  custom:scripting/monoscript/fileName/DestroyFence.cs: dff2e27bd40dcd712db6dd2d62a45775 -> d2cb84dacc9ca32d4ebb690c179d1209
  custom:scripting/monoscript/fileName/MusicAndSFX.cs: 8b341cf5e8717c7b42c626c10fc2d3f3 -> 2acc5be66e8488d65aa2bff625b76d27
  custom:container-muxer-webm: aa71ff27fc2769a1b78a27578f13a17b -> 
  custom:video-decoder-webm-vp8: 9c59270c3fd7afecdb556c50c9e8de78 -> 
  custom:SearchIndexIgnoredProperties: e643bd26f0fe6173181afceb89e7c659 -> 
  custom:AudioImporter_EditorPlatform: d09bf68614088b80899f8185d706f6e7 -> 
  custom:scripting/monoscript/fileName/quitApp.cs: 36ee526b8693548ceffa5fc433b4a867 -> d31e27c6ab3e83ab8d3efc5db2ce5f18
  custom:scripting/monoscript/fileName/DontDestroyMusic.cs: 19aa6f090a3fe0f598f9161c99a08d0b -> c9f401c9ab0c8c78ac8bf7528d8078a8
  custom:scripting/monoscript/fileName/NPCColor.cs: 93475bed20f9110d24f8617dcf8856d5 -> c58c305e85223665f6df19bf0e5b7c78
  custom:scripting/monoscript/fileName/PowerUp.cs: 742fbdfa71baaaf8faeb5cd15c97d499 -> f15b9ebfef18a6c65d9e3e5db527cf70
  custom:video-encoder-webm-vp8: eb34c28f22e8b96e1ab97ce403110664 -> 
  custom:audio-decoder-ogg-vorbis: bf7c407c2cedff20999df2af8eb42d56 -> 
  custom:scripting/monoscript/fileName/HidePanel.cs: 1dde27386449f34caff34fe63e0ff995 -> e5f118908a9613f24e84491e5a5e6fa3
  custom:scripting/monoscript/fileName/NPCConversation2.cs: b7ff32a5341aa45ddc588fb90d7d34e7 -> 3b596464fe8755d6a086a31a81d9d73e
  custom:scripting/monoscript/fileName/NPCConversation3.cs: 2136d3203dc14745cc5475c4a699eacd -> 347e1dd78763a0ecaac84b452b6b03ae
  custom:audio-encoder-webm-vorbis: bf7c407c2cedff20999df2af8eb42d56 -> 
  custom:scripting/monoscript/fileName/DestroyFenceAfterMeetingNPC.cs: 188bb86157f0f45efbb1747c0003b714 -> 5c6826ab649208ee32816bfc4453d142
========================================================================
Received Prepare
Caller must complete domain reload
Begin MonoManager ReloadAssembly
- Loaded All Assemblies, in  0.298 seconds
Native extension for WindowsStandalone target not found
Mono: successfully reloaded assembly
- Finished resetting the current domain, in  0.569 seconds
Domain Reload Profiling: 865ms
	BeginReloadAssembly (107ms)
		ExecutionOrderSort (0ms)
		DisableScriptedObjects (3ms)
		BackupInstance (0ms)
		ReleaseScriptingObjects (0ms)
		CreateAndSetChildDomain (20ms)
	RebuildCommonClasses (22ms)
	RebuildNativeTypeToScriptingClass (7ms)
	initialDomainReloadingComplete (19ms)
	LoadAllAssembliesAndSetupDomain (141ms)
		LoadAssemblies (191ms)
		RebuildTransferFunctionScriptingTraits (0ms)
		AnalyzeDomain (9ms)
			TypeCache.Refresh (4ms)
				TypeCache.ScanAssembly (0ms)
			ScanForSourceGeneratedMonoScriptInfo (0ms)
			ResolveRequiredComponents (3ms)
	FinalizeReload (569ms)
		ReleaseScriptCaches (0ms)
		RebuildScriptCaches (0ms)
		SetupLoadedEditorAssemblies (274ms)
			LogAssemblyErrors (0ms)
			InitializePlatformSupportModulesInManaged (4ms)
			SetLoadedEditorAssemblies (2ms)
			RefreshPlugins (0ms)
			BeforeProcessingInitializeOnLoad (37ms)
			ProcessInitializeOnLoadAttributes (209ms)
			ProcessInitializeOnLoadMethodAttributes (15ms)
			AfterProcessingInitializeOnLoad (6ms)
			EditorAssembliesLoaded (0ms)
		ExecutionOrderSort2 (0ms)
		AwakeInstancesAfterBackupRestoration (6ms)
Refreshing native plugins compatible for Editor in 5.27 ms, found 3 plugins.
Preloading 0 native plugins for Editor in 0.00 ms.
Unloading 3164 Unused Serialized files (Serialized files now loaded: 0)
Unloading 22 unused Assets / (446.0 KB). Loaded Objects now: 3661.
Memory consumption went from 137.0 MB to 136.6 MB.
Total: 4.068600 ms (FindLiveObjects: 0.250400 ms CreateObjectMapping: 0.076600 ms MarkObjects: 3.379700 ms  DeleteObjects: 0.359700 ms)

Prepare: number of updated asset objects reloaded= 0
AssetImportParameters requested are different than current active one (requested -> active):
  custom:scripting/monoscript/fileName/NPCConversations.cs: e7b453f49e0ecc974ee4610f5df016d2 -> c325f2dfe320ed760ee367e93c7343e9
  custom:scripting/monoscript/fileName/DontDestroyBulletSound.cs: 27eea3d677e22602559315e38ece0ddf -> dd7f7a0f5da576c9bd042e2d999f2f87
  custom:container-demuxer-ogg: 62fdf1f143b41e24485cea50d1cbac27 -> 
  custom:video-codec-MediaFoundation-h265: 746d11721c4dcdbdad8f713fa42b33f4 -> 
  custom:video-decoder-ogg-theora: a1e56fd34408186e4bbccfd4996cb3dc -> 
  custom:framework-win-MediaFoundation: 216162199b28c13a410421893ffa2e32 -> 
  custom:scripting/monoscript/fileName/DontDestroyOnLoad.cs: dbe9367a862691b5385a97d4e47fc1de -> a20da4ab4d72b2746f62834b60d249c4
  custom:CustomObjectIndexerAttribute: 9a22284fe3817be447336de3de66b15e -> 
  custom:container-demuxer-webm: 4f35f7cbe854078d1ac9338744f61a02 -> 
  custom:scripting/monoscript/fileName/DestroyFence.cs: dff2e27bd40dcd712db6dd2d62a45775 -> d2cb84dacc9ca32d4ebb690c179d1209
  custom:scripting/monoscript/fileName/MusicAndSFX.cs: 8b341cf5e8717c7b42c626c10fc2d3f3 -> 2acc5be66e8488d65aa2bff625b76d27
  custom:container-muxer-webm: aa71ff27fc2769a1b78a27578f13a17b -> 
  custom:video-decoder-webm-vp8: 9c59270c3fd7afecdb556c50c9e8de78 -> 
  custom:SearchIndexIgnoredProperties: e643bd26f0fe6173181afceb89e7c659 -> 
  custom:AudioImporter_EditorPlatform: d09bf68614088b80899f8185d706f6e7 -> 
  custom:scripting/monoscript/fileName/quitApp.cs: 36ee526b8693548ceffa5fc433b4a867 -> d31e27c6ab3e83ab8d3efc5db2ce5f18
  custom:scripting/monoscript/fileName/DontDestroyMusic.cs: 19aa6f090a3fe0f598f9161c99a08d0b -> c9f401c9ab0c8c78ac8bf7528d8078a8
  custom:scripting/monoscript/fileName/NPCColor.cs: 93475bed20f9110d24f8617dcf8856d5 -> c58c305e85223665f6df19bf0e5b7c78
  custom:scripting/monoscript/fileName/PowerUp.cs: 742fbdfa71baaaf8faeb5cd15c97d499 -> f15b9ebfef18a6c65d9e3e5db527cf70
  custom:video-encoder-webm-vp8: eb34c28f22e8b96e1ab97ce403110664 -> 
  custom:audio-decoder-ogg-vorbis: bf7c407c2cedff20999df2af8eb42d56 -> 
  custom:scripting/monoscript/fileName/HidePanel.cs: 1dde27386449f34caff34fe63e0ff995 -> e5f118908a9613f24e84491e5a5e6fa3
  custom:scripting/monoscript/fileName/NPCConversation2.cs: b7ff32a5341aa45ddc588fb90d7d34e7 -> 3b596464fe8755d6a086a31a81d9d73e
  custom:scripting/monoscript/fileName/NPCConversation3.cs: 2136d3203dc14745cc5475c4a699eacd -> 347e1dd78763a0ecaac84b452b6b03ae
  custom:audio-encoder-webm-vorbis: bf7c407c2cedff20999df2af8eb42d56 -> 
  custom:scripting/monoscript/fileName/DestroyFenceAfterMeetingNPC.cs: 188bb86157f0f45efbb1747c0003b714 -> 5c6826ab649208ee32816bfc4453d142
========================================================================
Received Prepare
Caller must complete domain reload
Begin MonoManager ReloadAssembly
- Loaded All Assemblies, in  0.276 seconds
Native extension for WindowsStandalone target not found
Mono: successfully reloaded assembly
- Finished resetting the current domain, in  0.578 seconds
Domain Reload Profiling: 852ms
	BeginReloadAssembly (96ms)
		ExecutionOrderSort (0ms)
		DisableScriptedObjects (3ms)
		BackupInstance (0ms)
		ReleaseScriptingObjects (0ms)
		CreateAndSetChildDomain (15ms)
	RebuildCommonClasses (21ms)
	RebuildNativeTypeToScriptingClass (7ms)
	initialDomainReloadingComplete (20ms)
	LoadAllAssembliesAndSetupDomain (130ms)
		LoadAssemblies (175ms)
		RebuildTransferFunctionScriptingTraits (0ms)
		AnalyzeDomain (10ms)
			TypeCache.Refresh (5ms)
				TypeCache.ScanAssembly (0ms)
			ScanForSourceGeneratedMonoScriptInfo (0ms)
			ResolveRequiredComponents (4ms)
	FinalizeReload (578ms)
		ReleaseScriptCaches (0ms)
		RebuildScriptCaches (0ms)
		SetupLoadedEditorAssemblies (268ms)
			LogAssemblyErrors (0ms)
			InitializePlatformSupportModulesInManaged (4ms)
			SetLoadedEditorAssemblies (2ms)
			RefreshPlugins (0ms)
			BeforeProcessingInitializeOnLoad (38ms)
			ProcessInitializeOnLoadAttributes (200ms)
			ProcessInitializeOnLoadMethodAttributes (18ms)
			AfterProcessingInitializeOnLoad (6ms)
			EditorAssembliesLoaded (0ms)
		ExecutionOrderSort2 (0ms)
		AwakeInstancesAfterBackupRestoration (6ms)
Refreshing native plugins compatible for Editor in 5.22 ms, found 3 plugins.
Preloading 0 native plugins for Editor in 0.00 ms.
Unloading 3164 Unused Serialized files (Serialized files now loaded: 0)
Unloading 22 unused Assets / (446.1 KB). Loaded Objects now: 3664.
Memory consumption went from 137.0 MB to 136.6 MB.
Total: 4.084700 ms (FindLiveObjects: 0.219300 ms CreateObjectMapping: 0.181100 ms MarkObjects: 3.346100 ms  DeleteObjects: 0.336900 ms)

Prepare: number of updated asset objects reloaded= 0
AssetImportParameters requested are different than current active one (requested -> active):
  custom:scripting/monoscript/fileName/NPCConversations.cs: e7b453f49e0ecc974ee4610f5df016d2 -> c325f2dfe320ed760ee367e93c7343e9
  custom:scripting/monoscript/fileName/DontDestroyBulletSound.cs: 27eea3d677e22602559315e38ece0ddf -> dd7f7a0f5da576c9bd042e2d999f2f87
  custom:container-demuxer-ogg: 62fdf1f143b41e24485cea50d1cbac27 -> 
  custom:video-codec-MediaFoundation-h265: 746d11721c4dcdbdad8f713fa42b33f4 -> 
  custom:video-decoder-ogg-theora: a1e56fd34408186e4bbccfd4996cb3dc -> 
  custom:framework-win-MediaFoundation: 216162199b28c13a410421893ffa2e32 -> 
  custom:scripting/monoscript/fileName/DontDestroyOnLoad.cs: dbe9367a862691b5385a97d4e47fc1de -> a20da4ab4d72b2746f62834b60d249c4
  custom:CustomObjectIndexerAttribute: 9a22284fe3817be447336de3de66b15e -> 
  custom:container-demuxer-webm: 4f35f7cbe854078d1ac9338744f61a02 -> 
  custom:scripting/monoscript/fileName/DestroyFence.cs: dff2e27bd40dcd712db6dd2d62a45775 -> d2cb84dacc9ca32d4ebb690c179d1209
  custom:scripting/monoscript/fileName/MusicAndSFX.cs: 8b341cf5e8717c7b42c626c10fc2d3f3 -> 2acc5be66e8488d65aa2bff625b76d27
  custom:container-muxer-webm: aa71ff27fc2769a1b78a27578f13a17b -> 
  custom:video-decoder-webm-vp8: 9c59270c3fd7afecdb556c50c9e8de78 -> 
  custom:SearchIndexIgnoredProperties: e643bd26f0fe6173181afceb89e7c659 -> 
  custom:AudioImporter_EditorPlatform: d09bf68614088b80899f8185d706f6e7 -> 
  custom:scripting/monoscript/fileName/quitApp.cs: 36ee526b8693548ceffa5fc433b4a867 -> d31e27c6ab3e83ab8d3efc5db2ce5f18
  custom:scripting/monoscript/fileName/DontDestroyMusic.cs: 19aa6f090a3fe0f598f9161c99a08d0b -> c9f401c9ab0c8c78ac8bf7528d8078a8
  custom:scripting/monoscript/fileName/NPCColor.cs: 93475bed20f9110d24f8617dcf8856d5 -> c58c305e85223665f6df19bf0e5b7c78
  custom:scripting/monoscript/fileName/PowerUp.cs: 742fbdfa71baaaf8faeb5cd15c97d499 -> f15b9ebfef18a6c65d9e3e5db527cf70
  custom:video-encoder-webm-vp8: eb34c28f22e8b96e1ab97ce403110664 -> 
  custom:audio-decoder-ogg-vorbis: bf7c407c2cedff20999df2af8eb42d56 -> 
  custom:scripting/monoscript/fileName/HidePanel.cs: 1dde27386449f34caff34fe63e0ff995 -> e5f118908a9613f24e84491e5a5e6fa3
  custom:scripting/monoscript/fileName/NPCConversation2.cs: b7ff32a5341aa45ddc588fb90d7d34e7 -> 3b596464fe8755d6a086a31a81d9d73e
  custom:scripting/monoscript/fileName/NPCConversation3.cs: 2136d3203dc14745cc5475c4a699eacd -> 347e1dd78763a0ecaac84b452b6b03ae
  custom:audio-encoder-webm-vorbis: bf7c407c2cedff20999df2af8eb42d56 -> 
  custom:scripting/monoscript/fileName/DestroyFenceAfterMeetingNPC.cs: 188bb86157f0f45efbb1747c0003b714 -> 5c6826ab649208ee32816bfc4453d142
========================================================================
Received Import Request.
  Time since last request: 693939.497424 seconds.
  path: Assets/Scripts/DialogueManager.cs
  artifactKey: Guid(3794cd103cd503a448baa316b1f0cb91) Importer(815301076,1909f56bfc062723c751e8b465ee728b)
Start importing Assets/Scripts/DialogueManager.cs using Guid(3794cd103cd503a448baa316b1f0cb91) Importer(815301076,1909f56bfc062723c751e8b465ee728b) [PhysX] Initialized MultithreadedTaskDispatcher with 32 workers.
 -> (artifact id: '92a963f80ca94b4ee971db4c4fe82ecd') in 0.002925 seconds
Number of updated asset objects reloaded before import = 0
Number of asset objects unloaded after import = 0
========================================================================
Received Import Request.
  Time since last request: 5.561712 seconds.
  path: Assets/Scripts/MusicAndSFX.cs
  artifactKey: Guid(a3a40a8ea4394a44fa92092b482363f8) Importer(815301076,1909f56bfc062723c751e8b465ee728b)
Start importing Assets/Scripts/MusicAndSFX.cs using Guid(a3a40a8ea4394a44fa92092b482363f8) Importer(815301076,1909f56bfc062723c751e8b465ee728b) [PhysX] Initialized MultithreadedTaskDispatcher with 32 workers.
 -> (artifact id: '2afa080fe895e833e6c3838d13286501') in 0.000607 seconds
Number of updated asset objects reloaded before import = 0
Number of asset objects unloaded after import = 0
========================================================================
Received Prepare
Caller must complete domain reload
Begin MonoManager ReloadAssembly
- Loaded All Assemblies, in  0.301 seconds
Native extension for WindowsStandalone target not found
Mono: successfully reloaded assembly
- Finished resetting the current domain, in  0.646 seconds
Domain Reload Profiling: 945ms
	BeginReloadAssembly (109ms)
		ExecutionOrderSort (0ms)
		DisableScriptedObjects (6ms)
		BackupInstance (0ms)
		ReleaseScriptingObjects (0ms)
		CreateAndSetChildDomain (20ms)
	RebuildCommonClasses (23ms)
	RebuildNativeTypeToScriptingClass (6ms)
	initialDomainReloadingComplete (20ms)
	LoadAllAssembliesAndSetupDomain (141ms)
		LoadAssemblies (181ms)
		RebuildTransferFunctionScriptingTraits (0ms)
		AnalyzeDomain (18ms)
			TypeCache.Refresh (8ms)
				TypeCache.ScanAssembly (0ms)
			ScanForSourceGeneratedMonoScriptInfo (5ms)
			ResolveRequiredComponents (3ms)
	FinalizeReload (646ms)
		ReleaseScriptCaches (0ms)
		RebuildScriptCaches (0ms)
		SetupLoadedEditorAssemblies (298ms)
			LogAssemblyErrors (0ms)
			InitializePlatformSupportModulesInManaged (5ms)
			SetLoadedEditorAssemblies (2ms)
			RefreshPlugins (0ms)
			BeforeProcessingInitializeOnLoad (49ms)
			ProcessInitializeOnLoadAttributes (223ms)
			ProcessInitializeOnLoadMethodAttributes (14ms)
			AfterProcessingInitializeOnLoad (5ms)
			EditorAssembliesLoaded (0ms)
		ExecutionOrderSort2 (0ms)
		AwakeInstancesAfterBackupRestoration (6ms)
Refreshing native plugins compatible for Editor in 4.64 ms, found 3 plugins.
Preloading 0 native plugins for Editor in 0.00 ms.
Unloading 3163 Unused Serialized files (Serialized files now loaded: 0)
Unloading 22 unused Assets / (446.0 KB). Loaded Objects now: 3667.
Memory consumption went from 136.8 MB to 136.4 MB.
Total: 4.040300 ms (FindLiveObjects: 0.294100 ms CreateObjectMapping: 0.106900 ms MarkObjects: 3.325300 ms  DeleteObjects: 0.313000 ms)

Prepare: number of updated asset objects reloaded= 0
AssetImportParameters requested are different than current active one (requested -> active):
  custom:scripting/monoscript/fileName/NPCConversations.cs: e7b453f49e0ecc974ee4610f5df016d2 -> c325f2dfe320ed760ee367e93c7343e9
  custom:scripting/monoscript/fileName/DontDestroyBulletSound.cs: 27eea3d677e22602559315e38ece0ddf -> dd7f7a0f5da576c9bd042e2d999f2f87
  custom:container-demuxer-ogg: 62fdf1f143b41e24485cea50d1cbac27 -> 
  custom:video-codec-MediaFoundation-h265: 746d11721c4dcdbdad8f713fa42b33f4 -> 
  custom:video-decoder-ogg-theora: a1e56fd34408186e4bbccfd4996cb3dc -> 
  custom:framework-win-MediaFoundation: 216162199b28c13a410421893ffa2e32 -> 
  custom:scripting/monoscript/fileName/DontDestroyOnLoad.cs: dbe9367a862691b5385a97d4e47fc1de -> a20da4ab4d72b2746f62834b60d249c4
  custom:CustomObjectIndexerAttribute: 9a22284fe3817be447336de3de66b15e -> 
  custom:container-demuxer-webm: 4f35f7cbe854078d1ac9338744f61a02 -> 
  custom:scripting/monoscript/fileName/DestroyFence.cs: dff2e27bd40dcd712db6dd2d62a45775 -> d2cb84dacc9ca32d4ebb690c179d1209
  custom:scripting/monoscript/fileName/MusicAndSFX.cs: 8b341cf5e8717c7b42c626c10fc2d3f3 -> 2acc5be66e8488d65aa2bff625b76d27
  custom:container-muxer-webm: aa71ff27fc2769a1b78a27578f13a17b -> 
  custom:video-decoder-webm-vp8: 9c59270c3fd7afecdb556c50c9e8de78 -> 
  custom:SearchIndexIgnoredProperties: e643bd26f0fe6173181afceb89e7c659 -> 
  custom:AudioImporter_EditorPlatform: d09bf68614088b80899f8185d706f6e7 -> 
  custom:scripting/monoscript/fileName/quitApp.cs: 36ee526b8693548ceffa5fc433b4a867 -> d31e27c6ab3e83ab8d3efc5db2ce5f18
  custom:scripting/monoscript/fileName/DontDestroyMusic.cs: 19aa6f090a3fe0f598f9161c99a08d0b -> c9f401c9ab0c8c78ac8bf7528d8078a8
  custom:scripting/monoscript/fileName/NPCColor.cs: 93475bed20f9110d24f8617dcf8856d5 -> c58c305e85223665f6df19bf0e5b7c78
  custom:scripting/monoscript/fileName/PowerUp.cs: 742fbdfa71baaaf8faeb5cd15c97d499 -> f15b9ebfef18a6c65d9e3e5db527cf70
  custom:video-encoder-webm-vp8: eb34c28f22e8b96e1ab97ce403110664 -> 
  custom:audio-decoder-ogg-vorbis: bf7c407c2cedff20999df2af8eb42d56 -> 
  custom:scripting/monoscript/fileName/HidePanel.cs: 1dde27386449f34caff34fe63e0ff995 -> e5f118908a9613f24e84491e5a5e6fa3
  custom:scripting/monoscript/fileName/NPCConversation2.cs: b7ff32a5341aa45ddc588fb90d7d34e7 -> 3b596464fe8755d6a086a31a81d9d73e
  custom:scripting/monoscript/fileName/NPCConversation3.cs: 2136d3203dc14745cc5475c4a699eacd -> 347e1dd78763a0ecaac84b452b6b03ae
  custom:audio-encoder-webm-vorbis: bf7c407c2cedff20999df2af8eb42d56 -> 
  custom:scripting/monoscript/fileName/DestroyFenceAfterMeetingNPC.cs: 188bb86157f0f45efbb1747c0003b714 -> 5c6826ab649208ee32816bfc4453d142
========================================================================
Received Import Request.
  Time since last request: 66.265525 seconds.
  path: Assets/Scripts/MusicAndSFX.cs
  artifactKey: Guid(a3a40a8ea4394a44fa92092b482363f8) Importer(815301076,1909f56bfc062723c751e8b465ee728b)
Start importing Assets/Scripts/MusicAndSFX.cs using Guid(a3a40a8ea4394a44fa92092b482363f8) Importer(815301076,1909f56bfc062723c751e8b465ee728b) [PhysX] Initialized MultithreadedTaskDispatcher with 32 workers.
 -> (artifact id: '2f18bf0c4fafdc430161b0bbf8e5ca0e') in 0.005548 seconds
Number of updated asset objects reloaded before import = 0
Number of asset objects unloaded after import = 0
========================================================================
Received Prepare
Caller must complete domain reload
Begin MonoManager ReloadAssembly
- Loaded All Assemblies, in  0.279 seconds
Native extension for WindowsStandalone target not found
Mono: successfully reloaded assembly
- Finished resetting the current domain, in  0.607 seconds
Domain Reload Profiling: 884ms
	BeginReloadAssembly (104ms)
		ExecutionOrderSort (0ms)
		DisableScriptedObjects (3ms)
		BackupInstance (0ms)
		ReleaseScriptingObjects (0ms)
		CreateAndSetChildDomain (20ms)
	RebuildCommonClasses (21ms)
	RebuildNativeTypeToScriptingClass (6ms)
	initialDomainReloadingComplete (19ms)
	LoadAllAssembliesAndSetupDomain (128ms)
		LoadAssemblies (175ms)
		RebuildTransferFunctionScriptingTraits (0ms)
		AnalyzeDomain (10ms)
			TypeCache.Refresh (4ms)
				TypeCache.ScanAssembly (0ms)
			ScanForSourceGeneratedMonoScriptInfo (0ms)
			ResolveRequiredComponents (4ms)
	FinalizeReload (607ms)
		ReleaseScriptCaches (0ms)
		RebuildScriptCaches (0ms)
		SetupLoadedEditorAssemblies (300ms)
			LogAssemblyErrors (0ms)
			InitializePlatformSupportModulesInManaged (6ms)
			SetLoadedEditorAssemblies (3ms)
			RefreshPlugins (0ms)
			BeforeProcessingInitializeOnLoad (46ms)
			ProcessInitializeOnLoadAttributes (223ms)
			ProcessInitializeOnLoadMethodAttributes (16ms)
			AfterProcessingInitializeOnLoad (6ms)
			EditorAssembliesLoaded (0ms)
		ExecutionOrderSort2 (0ms)
		AwakeInstancesAfterBackupRestoration (7ms)
Refreshing native plugins compatible for Editor in 5.10 ms, found 3 plugins.
Preloading 0 native plugins for Editor in 0.00 ms.
Unloading 3163 Unused Serialized files (Serialized files now loaded: 0)
Unloading 22 unused Assets / (446.0 KB). Loaded Objects now: 3670.
Memory consumption went from 136.9 MB to 136.5 MB.
Total: 4.189000 ms (FindLiveObjects: 0.253200 ms CreateObjectMapping: 0.102500 ms MarkObjects: 3.446600 ms  DeleteObjects: 0.385500 ms)

Prepare: number of updated asset objects reloaded= 0
AssetImportParameters requested are different than current active one (requested -> active):
  custom:scripting/monoscript/fileName/NPCConversations.cs: e7b453f49e0ecc974ee4610f5df016d2 -> c325f2dfe320ed760ee367e93c7343e9
  custom:scripting/monoscript/fileName/DontDestroyBulletSound.cs: 27eea3d677e22602559315e38ece0ddf -> dd7f7a0f5da576c9bd042e2d999f2f87
  custom:container-demuxer-ogg: 62fdf1f143b41e24485cea50d1cbac27 -> 
  custom:video-codec-MediaFoundation-h265: 746d11721c4dcdbdad8f713fa42b33f4 -> 
  custom:video-decoder-ogg-theora: a1e56fd34408186e4bbccfd4996cb3dc -> 
  custom:framework-win-MediaFoundation: 216162199b28c13a410421893ffa2e32 -> 
  custom:scripting/monoscript/fileName/DontDestroyOnLoad.cs: dbe9367a862691b5385a97d4e47fc1de -> a20da4ab4d72b2746f62834b60d249c4
  custom:CustomObjectIndexerAttribute: 9a22284fe3817be447336de3de66b15e -> 
  custom:container-demuxer-webm: 4f35f7cbe854078d1ac9338744f61a02 -> 
  custom:scripting/monoscript/fileName/DestroyFence.cs: dff2e27bd40dcd712db6dd2d62a45775 -> d2cb84dacc9ca32d4ebb690c179d1209
  custom:scripting/monoscript/fileName/MusicAndSFX.cs: 8b341cf5e8717c7b42c626c10fc2d3f3 -> 2acc5be66e8488d65aa2bff625b76d27
  custom:container-muxer-webm: aa71ff27fc2769a1b78a27578f13a17b -> 
  custom:video-decoder-webm-vp8: 9c59270c3fd7afecdb556c50c9e8de78 -> 
  custom:SearchIndexIgnoredProperties: e643bd26f0fe6173181afceb89e7c659 -> 
  custom:AudioImporter_EditorPlatform: d09bf68614088b80899f8185d706f6e7 -> 
  custom:scripting/monoscript/fileName/quitApp.cs: 36ee526b8693548ceffa5fc433b4a867 -> d31e27c6ab3e83ab8d3efc5db2ce5f18
  custom:scripting/monoscript/fileName/DontDestroyMusic.cs: 19aa6f090a3fe0f598f9161c99a08d0b -> c9f401c9ab0c8c78ac8bf7528d8078a8
  custom:scripting/monoscript/fileName/NPCColor.cs: 93475bed20f9110d24f8617dcf8856d5 -> c58c305e85223665f6df19bf0e5b7c78
  custom:scripting/monoscript/fileName/PowerUp.cs: 742fbdfa71baaaf8faeb5cd15c97d499 -> f15b9ebfef18a6c65d9e3e5db527cf70
  custom:video-encoder-webm-vp8: eb34c28f22e8b96e1ab97ce403110664 -> 
  custom:audio-decoder-ogg-vorbis: bf7c407c2cedff20999df2af8eb42d56 -> 
  custom:scripting/monoscript/fileName/HidePanel.cs: 1dde27386449f34caff34fe63e0ff995 -> e5f118908a9613f24e84491e5a5e6fa3
  custom:scripting/monoscript/fileName/NPCConversation2.cs: b7ff32a5341aa45ddc588fb90d7d34e7 -> 3b596464fe8755d6a086a31a81d9d73e
  custom:scripting/monoscript/fileName/NPCConversation3.cs: 2136d3203dc14745cc5475c4a699eacd -> 347e1dd78763a0ecaac84b452b6b03ae
  custom:audio-encoder-webm-vorbis: bf7c407c2cedff20999df2af8eb42d56 -> 
  custom:scripting/monoscript/fileName/DestroyFenceAfterMeetingNPC.cs: 188bb86157f0f45efbb1747c0003b714 -> 5c6826ab649208ee32816bfc4453d142
========================================================================
Received Import Request.
  Time since last request: 37.311221 seconds.
  path: Assets/Scenes/Player.unity
  artifactKey: Guid(a0537c584f6f8d04b89ef464d42bf84a) Importer(815301076,1909f56bfc062723c751e8b465ee728b)
Start importing Assets/Scenes/Player.unity using Guid(a0537c584f6f8d04b89ef464d42bf84a) Importer(815301076,1909f56bfc062723c751e8b465ee728b) [PhysX] Initialized MultithreadedTaskDispatcher with 32 workers.
 -> (artifact id: 'd276d8fea8d92e71159a0cef2f6511fb') in 0.003208 seconds
Number of updated asset objects reloaded before import = 0
Number of asset objects unloaded after import = 0
========================================================================
Received Prepare
Caller must complete domain reload
Begin MonoManager ReloadAssembly
- Loaded All Assemblies, in  0.271 seconds
Native extension for WindowsStandalone target not found
Mono: successfully reloaded assembly
- Finished resetting the current domain, in  0.576 seconds
Domain Reload Profiling: 846ms
	BeginReloadAssembly (100ms)
		ExecutionOrderSort (0ms)
		DisableScriptedObjects (3ms)
		BackupInstance (0ms)
		ReleaseScriptingObjects (0ms)
		CreateAndSetChildDomain (22ms)
	RebuildCommonClasses (25ms)
	RebuildNativeTypeToScriptingClass (6ms)
	initialDomainReloadingComplete (18ms)
	LoadAllAssembliesAndSetupDomain (121ms)
		LoadAssemblies (162ms)
		RebuildTransferFunctionScriptingTraits (0ms)
		AnalyzeDomain (10ms)
			TypeCache.Refresh (5ms)
				TypeCache.ScanAssembly (0ms)
			ScanForSourceGeneratedMonoScriptInfo (0ms)
			ResolveRequiredComponents (3ms)
	FinalizeReload (576ms)
		ReleaseScriptCaches (0ms)
		RebuildScriptCaches (0ms)
		SetupLoadedEditorAssemblies (282ms)
			LogAssemblyErrors (0ms)
			InitializePlatformSupportModulesInManaged (5ms)
			SetLoadedEditorAssemblies (2ms)
			RefreshPlugins (0ms)
			BeforeProcessingInitializeOnLoad (43ms)
			ProcessInitializeOnLoadAttributes (211ms)
			ProcessInitializeOnLoadMethodAttributes (14ms)
			AfterProcessingInitializeOnLoad (6ms)
			EditorAssembliesLoaded (0ms)
		ExecutionOrderSort2 (0ms)
		AwakeInstancesAfterBackupRestoration (6ms)
Refreshing native plugins compatible for Editor in 4.76 ms, found 3 plugins.
Preloading 0 native plugins for Editor in 0.00 ms.
Unloading 3163 Unused Serialized files (Serialized files now loaded: 0)
Unloading 22 unused Assets / (446.3 KB). Loaded Objects now: 3673.
Memory consumption went from 136.9 MB to 136.5 MB.
Total: 4.096400 ms (FindLiveObjects: 0.206500 ms CreateObjectMapping: 0.096600 ms MarkObjects: 3.426700 ms  DeleteObjects: 0.365300 ms)

Prepare: number of updated asset objects reloaded= 0
AssetImportParameters requested are different than current active one (requested -> active):
  custom:scripting/monoscript/fileName/NPCConversations.cs: e7b453f49e0ecc974ee4610f5df016d2 -> c325f2dfe320ed760ee367e93c7343e9
  custom:scripting/monoscript/fileName/DontDestroyBulletSound.cs: 27eea3d677e22602559315e38ece0ddf -> dd7f7a0f5da576c9bd042e2d999f2f87
  custom:container-demuxer-ogg: 62fdf1f143b41e24485cea50d1cbac27 -> 
  custom:video-codec-MediaFoundation-h265: 746d11721c4dcdbdad8f713fa42b33f4 -> 
  custom:video-decoder-ogg-theora: a1e56fd34408186e4bbccfd4996cb3dc -> 
  custom:framework-win-MediaFoundation: 216162199b28c13a410421893ffa2e32 -> 
  custom:scripting/monoscript/fileName/DontDestroyOnLoad.cs: dbe9367a862691b5385a97d4e47fc1de -> a20da4ab4d72b2746f62834b60d249c4
  custom:CustomObjectIndexerAttribute: 9a22284fe3817be447336de3de66b15e -> 
  custom:container-demuxer-webm: 4f35f7cbe854078d1ac9338744f61a02 -> 
  custom:scripting/monoscript/fileName/DestroyFence.cs: dff2e27bd40dcd712db6dd2d62a45775 -> d2cb84dacc9ca32d4ebb690c179d1209
  custom:scripting/monoscript/fileName/MusicAndSFX.cs: 8b341cf5e8717c7b42c626c10fc2d3f3 -> 2acc5be66e8488d65aa2bff625b76d27
  custom:container-muxer-webm: aa71ff27fc2769a1b78a27578f13a17b -> 
  custom:video-decoder-webm-vp8: 9c59270c3fd7afecdb556c50c9e8de78 -> 
  custom:SearchIndexIgnoredProperties: e643bd26f0fe6173181afceb89e7c659 -> 
  custom:AudioImporter_EditorPlatform: d09bf68614088b80899f8185d706f6e7 -> 
  custom:scripting/monoscript/fileName/quitApp.cs: 36ee526b8693548ceffa5fc433b4a867 -> d31e27c6ab3e83ab8d3efc5db2ce5f18
  custom:scripting/monoscript/fileName/DontDestroyMusic.cs: 19aa6f090a3fe0f598f9161c99a08d0b -> c9f401c9ab0c8c78ac8bf7528d8078a8
  custom:scripting/monoscript/fileName/NPCColor.cs: 93475bed20f9110d24f8617dcf8856d5 -> c58c305e85223665f6df19bf0e5b7c78
  custom:scripting/monoscript/fileName/PowerUp.cs: 742fbdfa71baaaf8faeb5cd15c97d499 -> f15b9ebfef18a6c65d9e3e5db527cf70
  custom:video-encoder-webm-vp8: eb34c28f22e8b96e1ab97ce403110664 -> 
  custom:audio-decoder-ogg-vorbis: bf7c407c2cedff20999df2af8eb42d56 -> 
  custom:scripting/monoscript/fileName/HidePanel.cs: 1dde27386449f34caff34fe63e0ff995 -> e5f118908a9613f24e84491e5a5e6fa3
  custom:scripting/monoscript/fileName/NPCConversation2.cs: b7ff32a5341aa45ddc588fb90d7d34e7 -> 3b596464fe8755d6a086a31a81d9d73e
  custom:scripting/monoscript/fileName/NPCConversation3.cs: 2136d3203dc14745cc5475c4a699eacd -> 347e1dd78763a0ecaac84b452b6b03ae
  custom:audio-encoder-webm-vorbis: bf7c407c2cedff20999df2af8eb42d56 -> 
  custom:scripting/monoscript/fileName/DestroyFenceAfterMeetingNPC.cs: 188bb86157f0f45efbb1747c0003b714 -> 5c6826ab649208ee32816bfc4453d142
========================================================================
Received Import Request.
  Time since last request: 46.407699 seconds.
  path: Assets/Scenes/Overworld.unity
  artifactKey: Guid(607ecfca12239ae429619cc50640ff6b) Importer(815301076,1909f56bfc062723c751e8b465ee728b)
Start importing Assets/Scenes/Overworld.unity using Guid(607ecfca12239ae429619cc50640ff6b) Importer(815301076,1909f56bfc062723c751e8b465ee728b) [PhysX] Initialized MultithreadedTaskDispatcher with 32 workers.
 -> (artifact id: '63d362145c1e5deab9d50d188ffee2f8') in 0.003146 seconds
Number of updated asset objects reloaded before import = 0
Number of asset objects unloaded after import = 0
========================================================================
Received Prepare
Caller must complete domain reload
Begin MonoManager ReloadAssembly
- Loaded All Assemblies, in  0.325 seconds
Native extension for WindowsStandalone target not found
Mono: successfully reloaded assembly
- Finished resetting the current domain, in  0.658 seconds
Domain Reload Profiling: 982ms
	BeginReloadAssembly (104ms)
		ExecutionOrderSort (0ms)
		DisableScriptedObjects (3ms)
		BackupInstance (0ms)
		ReleaseScriptingObjects (0ms)
		CreateAndSetChildDomain (23ms)
	RebuildCommonClasses (21ms)
	RebuildNativeTypeToScriptingClass (6ms)
	initialDomainReloadingComplete (19ms)
	LoadAllAssembliesAndSetupDomain (172ms)
		LoadAssemblies (208ms)
		RebuildTransferFunctionScriptingTraits (0ms)
		AnalyzeDomain (19ms)
			TypeCache.Refresh (8ms)
				TypeCache.ScanAssembly (0ms)
			ScanForSourceGeneratedMonoScriptInfo (5ms)
			ResolveRequiredComponents (3ms)
	FinalizeReload (658ms)
		ReleaseScriptCaches (0ms)
		RebuildScriptCaches (0ms)
		SetupLoadedEditorAssemblies (353ms)
			LogAssemblyErrors (0ms)
			InitializePlatformSupportModulesInManaged (4ms)
			SetLoadedEditorAssemblies (2ms)
			RefreshPlugins (0ms)
			BeforeProcessingInitializeOnLoad (49ms)
			ProcessInitializeOnLoadAttributes (277ms)
			ProcessInitializeOnLoadMethodAttributes (16ms)
			AfterProcessingInitializeOnLoad (4ms)
			EditorAssembliesLoaded (0ms)
		ExecutionOrderSort2 (0ms)
		AwakeInstancesAfterBackupRestoration (5ms)
Refreshing native plugins compatible for Editor in 4.25 ms, found 3 plugins.
Preloading 0 native plugins for Editor in 0.00 ms.
Unloading 3163 Unused Serialized files (Serialized files now loaded: 0)
Unloading 22 unused Assets / (438.3 KB). Loaded Objects now: 3676.
Memory consumption went from 136.9 MB to 136.5 MB.
Total: 4.271400 ms (FindLiveObjects: 0.308500 ms CreateObjectMapping: 0.124000 ms MarkObjects: 3.551000 ms  DeleteObjects: 0.286400 ms)

Prepare: number of updated asset objects reloaded= 0
AssetImportParameters requested are different than current active one (requested -> active):
  custom:scripting/monoscript/fileName/NPCConversations.cs: e7b453f49e0ecc974ee4610f5df016d2 -> c325f2dfe320ed760ee367e93c7343e9
  custom:scripting/monoscript/fileName/DontDestroyBulletSound.cs: 27eea3d677e22602559315e38ece0ddf -> dd7f7a0f5da576c9bd042e2d999f2f87
  custom:container-demuxer-ogg: 62fdf1f143b41e24485cea50d1cbac27 -> 
  custom:video-codec-MediaFoundation-h265: 746d11721c4dcdbdad8f713fa42b33f4 -> 
  custom:video-decoder-ogg-theora: a1e56fd34408186e4bbccfd4996cb3dc -> 
  custom:framework-win-MediaFoundation: 216162199b28c13a410421893ffa2e32 -> 
  custom:scripting/monoscript/fileName/DontDestroyOnLoad.cs: dbe9367a862691b5385a97d4e47fc1de -> a20da4ab4d72b2746f62834b60d249c4
  custom:CustomObjectIndexerAttribute: 9a22284fe3817be447336de3de66b15e -> 
  custom:container-demuxer-webm: 4f35f7cbe854078d1ac9338744f61a02 -> 
  custom:scripting/monoscript/fileName/DestroyFence.cs: dff2e27bd40dcd712db6dd2d62a45775 -> d2cb84dacc9ca32d4ebb690c179d1209
  custom:scripting/monoscript/fileName/MusicAndSFX.cs: 8b341cf5e8717c7b42c626c10fc2d3f3 -> 2acc5be66e8488d65aa2bff625b76d27
  custom:container-muxer-webm: aa71ff27fc2769a1b78a27578f13a17b -> 
  custom:video-decoder-webm-vp8: 9c59270c3fd7afecdb556c50c9e8de78 -> 
  custom:SearchIndexIgnoredProperties: e643bd26f0fe6173181afceb89e7c659 -> 
  custom:AudioImporter_EditorPlatform: d09bf68614088b80899f8185d706f6e7 -> 
  custom:scripting/monoscript/fileName/quitApp.cs: 36ee526b8693548ceffa5fc433b4a867 -> d31e27c6ab3e83ab8d3efc5db2ce5f18
  custom:scripting/monoscript/fileName/DontDestroyMusic.cs: 19aa6f090a3fe0f598f9161c99a08d0b -> c9f401c9ab0c8c78ac8bf7528d8078a8
  custom:scripting/monoscript/fileName/NPCColor.cs: 93475bed20f9110d24f8617dcf8856d5 -> c58c305e85223665f6df19bf0e5b7c78
  custom:scripting/monoscript/fileName/PowerUp.cs: 742fbdfa71baaaf8faeb5cd15c97d499 -> f15b9ebfef18a6c65d9e3e5db527cf70
  custom:video-encoder-webm-vp8: eb34c28f22e8b96e1ab97ce403110664 -> 
  custom:audio-decoder-ogg-vorbis: bf7c407c2cedff20999df2af8eb42d56 -> 
  custom:scripting/monoscript/fileName/HidePanel.cs: 1dde27386449f34caff34fe63e0ff995 -> e5f118908a9613f24e84491e5a5e6fa3
  custom:scripting/monoscript/fileName/NPCConversation2.cs: b7ff32a5341aa45ddc588fb90d7d34e7 -> 3b596464fe8755d6a086a31a81d9d73e
  custom:scripting/monoscript/fileName/NPCConversation3.cs: 2136d3203dc14745cc5475c4a699eacd -> 347e1dd78763a0ecaac84b452b6b03ae
  custom:audio-encoder-webm-vorbis: bf7c407c2cedff20999df2af8eb42d56 -> 
  custom:scripting/monoscript/fileName/DestroyFenceAfterMeetingNPC.cs: 188bb86157f0f45efbb1747c0003b714 -> 5c6826ab649208ee32816bfc4453d142
========================================================================
Received Prepare
Caller must complete domain reload
Begin MonoManager ReloadAssembly
- Loaded All Assemblies, in  0.263 seconds
Native extension for WindowsStandalone target not found
Mono: successfully reloaded assembly
- Finished resetting the current domain, in  0.582 seconds
Domain Reload Profiling: 844ms
	BeginReloadAssembly (95ms)
		ExecutionOrderSort (0ms)
		DisableScriptedObjects (3ms)
		BackupInstance (0ms)
		ReleaseScriptingObjects (0ms)
		CreateAndSetChildDomain (18ms)
	RebuildCommonClasses (19ms)
	RebuildNativeTypeToScriptingClass (6ms)
	initialDomainReloadingComplete (18ms)
	LoadAllAssembliesAndSetupDomain (123ms)
		LoadAssemblies (165ms)
		RebuildTransferFunctionScriptingTraits (0ms)
		AnalyzeDomain (9ms)
			TypeCache.Refresh (4ms)
				TypeCache.ScanAssembly (0ms)
			ScanForSourceGeneratedMonoScriptInfo (0ms)
			ResolveRequiredComponents (3ms)
	FinalizeReload (582ms)
		ReleaseScriptCaches (0ms)
		RebuildScriptCaches (0ms)
		SetupLoadedEditorAssemblies (284ms)
			LogAssemblyErrors (0ms)
			InitializePlatformSupportModulesInManaged (5ms)
			SetLoadedEditorAssemblies (2ms)
			RefreshPlugins (0ms)
			BeforeProcessingInitializeOnLoad (43ms)
			ProcessInitializeOnLoadAttributes (212ms)
			ProcessInitializeOnLoadMethodAttributes (16ms)
			AfterProcessingInitializeOnLoad (6ms)
			EditorAssembliesLoaded (0ms)
		ExecutionOrderSort2 (0ms)
		AwakeInstancesAfterBackupRestoration (6ms)
Refreshing native plugins compatible for Editor in 4.60 ms, found 3 plugins.
Preloading 0 native plugins for Editor in 0.00 ms.
Unloading 3164 Unused Serialized files (Serialized files now loaded: 0)
Unloading 22 unused Assets / (446.4 KB). Loaded Objects now: 3679.
Memory consumption went from 137.2 MB to 136.7 MB.
Total: 3.909800 ms (FindLiveObjects: 0.202700 ms CreateObjectMapping: 0.083100 ms MarkObjects: 3.286300 ms  DeleteObjects: 0.336400 ms)

Prepare: number of updated asset objects reloaded= 0
AssetImportParameters requested are different than current active one (requested -> active):
  custom:scripting/monoscript/fileName/NPCConversations.cs: e7b453f49e0ecc974ee4610f5df016d2 -> c325f2dfe320ed760ee367e93c7343e9
  custom:scripting/monoscript/fileName/DontDestroyBulletSound.cs: 27eea3d677e22602559315e38ece0ddf -> dd7f7a0f5da576c9bd042e2d999f2f87
  custom:container-demuxer-ogg: 62fdf1f143b41e24485cea50d1cbac27 -> 
  custom:video-codec-MediaFoundation-h265: 746d11721c4dcdbdad8f713fa42b33f4 -> 
  custom:video-decoder-ogg-theora: a1e56fd34408186e4bbccfd4996cb3dc -> 
  custom:framework-win-MediaFoundation: 216162199b28c13a410421893ffa2e32 -> 
  custom:scripting/monoscript/fileName/DontDestroyOnLoad.cs: dbe9367a862691b5385a97d4e47fc1de -> a20da4ab4d72b2746f62834b60d249c4
  custom:CustomObjectIndexerAttribute: 9a22284fe3817be447336de3de66b15e -> 
  custom:container-demuxer-webm: 4f35f7cbe854078d1ac9338744f61a02 -> 
  custom:scripting/monoscript/fileName/DestroyFence.cs: dff2e27bd40dcd712db6dd2d62a45775 -> d2cb84dacc9ca32d4ebb690c179d1209
  custom:scripting/monoscript/fileName/MusicAndSFX.cs: 8b341cf5e8717c7b42c626c10fc2d3f3 -> 2acc5be66e8488d65aa2bff625b76d27
  custom:container-muxer-webm: aa71ff27fc2769a1b78a27578f13a17b -> 
  custom:video-decoder-webm-vp8: 9c59270c3fd7afecdb556c50c9e8de78 -> 
  custom:SearchIndexIgnoredProperties: e643bd26f0fe6173181afceb89e7c659 -> 
  custom:AudioImporter_EditorPlatform: d09bf68614088b80899f8185d706f6e7 -> 
  custom:scripting/monoscript/fileName/quitApp.cs: 36ee526b8693548ceffa5fc433b4a867 -> d31e27c6ab3e83ab8d3efc5db2ce5f18
  custom:scripting/monoscript/fileName/DontDestroyMusic.cs: 19aa6f090a3fe0f598f9161c99a08d0b -> c9f401c9ab0c8c78ac8bf7528d8078a8
  custom:scripting/monoscript/fileName/NPCColor.cs: 93475bed20f9110d24f8617dcf8856d5 -> c58c305e85223665f6df19bf0e5b7c78
  custom:scripting/monoscript/fileName/PowerUp.cs: 742fbdfa71baaaf8faeb5cd15c97d499 -> f15b9ebfef18a6c65d9e3e5db527cf70
  custom:video-encoder-webm-vp8: eb34c28f22e8b96e1ab97ce403110664 -> 
  custom:audio-decoder-ogg-vorbis: bf7c407c2cedff20999df2af8eb42d56 -> 
  custom:scripting/monoscript/fileName/HidePanel.cs: 1dde27386449f34caff34fe63e0ff995 -> e5f118908a9613f24e84491e5a5e6fa3
  custom:scripting/monoscript/fileName/NPCConversation2.cs: b7ff32a5341aa45ddc588fb90d7d34e7 -> 3b596464fe8755d6a086a31a81d9d73e
  custom:scripting/monoscript/fileName/NPCConversation3.cs: 2136d3203dc14745cc5475c4a699eacd -> 347e1dd78763a0ecaac84b452b6b03ae
  custom:audio-encoder-webm-vorbis: bf7c407c2cedff20999df2af8eb42d56 -> 
  custom:scripting/monoscript/fileName/DestroyFenceAfterMeetingNPC.cs: 188bb86157f0f45efbb1747c0003b714 -> 5c6826ab649208ee32816bfc4453d142
========================================================================
Received Import Request.
  Time since last request: 289.820108 seconds.
  path: Assets/Scenes/GameCompleted.unity
  artifactKey: Guid(08b22f894a58e1245b8df2c5c0a0edb5) Importer(815301076,1909f56bfc062723c751e8b465ee728b)
Start importing Assets/Scenes/GameCompleted.unity using Guid(08b22f894a58e1245b8df2c5c0a0edb5) Importer(815301076,1909f56bfc062723c751e8b465ee728b) [PhysX] Initialized MultithreadedTaskDispatcher with 32 workers.
 -> (artifact id: '31218e0b099dc3ff6f801b81fa4f38a4') in 0.002794 seconds
Number of updated asset objects reloaded before import = 0
Number of asset objects unloaded after import = 0
========================================================================
Received Import Request.
  Time since last request: 44.976500 seconds.
  path: Assets/FencesPack/Textures/Albedo/albedoGrass.png
  artifactKey: Guid(292811292cf0a8f44a7e0ff03ceafef2) Importer(815301076,1909f56bfc062723c751e8b465ee728b)
Start importing Assets/FencesPack/Textures/Albedo/albedoGrass.png using Guid(292811292cf0a8f44a7e0ff03ceafef2) Importer(815301076,1909f56bfc062723c751e8b465ee728b) [PhysX] Initialized MultithreadedTaskDispatcher with 32 workers.
[PhysX] Initialized MultithreadedTaskDispatcher with 32 workers.
 -> (artifact id: '4f7b4ff3025b429d19413f160c3fd502') in 0.057396 seconds
Number of updated asset objects reloaded before import = 0
Number of asset objects unloaded after import = 2
========================================================================
Received Import Request.
  Time since last request: 0.000014 seconds.
  path: Assets/FencesPack/Textures/Occlusion/aoGrass.tif
  artifactKey: Guid(4d20733cd97fdb047b74689f325c61b2) Importer(815301076,1909f56bfc062723c751e8b465ee728b)
Start importing Assets/FencesPack/Textures/Occlusion/aoGrass.tif using Guid(4d20733cd97fdb047b74689f325c61b2) Importer(815301076,1909f56bfc062723c751e8b465ee728b) [PhysX] Initialized MultithreadedTaskDispatcher with 32 workers.
[PhysX] Initialized MultithreadedTaskDispatcher with 32 workers.
 -> (artifact id: '366bf0ba0deb2ddc4bb23585c698e42d') in 0.017528 seconds
Number of updated asset objects reloaded before import = 0
Number of asset objects unloaded after import = 2
========================================================================
Received Prepare
Caller must complete domain reload
Begin MonoManager ReloadAssembly
- Loaded All Assemblies, in  0.283 seconds
Native extension for WindowsStandalone target not found
Mono: successfully reloaded assembly
- Finished resetting the current domain, in  0.603 seconds
Domain Reload Profiling: 885ms
	BeginReloadAssembly (103ms)
		ExecutionOrderSort (0ms)
		DisableScriptedObjects (3ms)
		BackupInstance (0ms)
		ReleaseScriptingObjects (0ms)
		CreateAndSetChildDomain (19ms)
	RebuildCommonClasses (21ms)
	RebuildNativeTypeToScriptingClass (7ms)
	initialDomainReloadingComplete (19ms)
	LoadAllAssembliesAndSetupDomain (133ms)
		LoadAssemblies (179ms)
		RebuildTransferFunctionScriptingTraits (0ms)
		AnalyzeDomain (11ms)
			TypeCache.Refresh (5ms)
				TypeCache.ScanAssembly (0ms)
			ScanForSourceGeneratedMonoScriptInfo (0ms)
			ResolveRequiredComponents (4ms)
	FinalizeReload (604ms)
		ReleaseScriptCaches (0ms)
		RebuildScriptCaches (0ms)
		SetupLoadedEditorAssemblies (305ms)
			LogAssemblyErrors (0ms)
			InitializePlatformSupportModulesInManaged (7ms)
			SetLoadedEditorAssemblies (3ms)
			RefreshPlugins (0ms)
			BeforeProcessingInitializeOnLoad (45ms)
			ProcessInitializeOnLoadAttributes (227ms)
			ProcessInitializeOnLoadMethodAttributes (17ms)
			AfterProcessingInitializeOnLoad (6ms)
			EditorAssembliesLoaded (0ms)
		ExecutionOrderSort2 (0ms)
		AwakeInstancesAfterBackupRestoration (6ms)
Refreshing native plugins compatible for Editor in 4.45 ms, found 3 plugins.
Preloading 0 native plugins for Editor in 0.00 ms.
Unloading 3163 Unused Serialized files (Serialized files now loaded: 0)
Unloading 22 unused Assets / (446.4 KB). Loaded Objects now: 3685.
Memory consumption went from 136.9 MB to 136.5 MB.
Total: 4.193300 ms (FindLiveObjects: 0.230300 ms CreateObjectMapping: 0.106800 ms MarkObjects: 3.360200 ms  DeleteObjects: 0.494500 ms)

Prepare: number of updated asset objects reloaded= 0
AssetImportParameters requested are different than current active one (requested -> active):
  custom:scripting/monoscript/fileName/NPCConversations.cs: e7b453f49e0ecc974ee4610f5df016d2 -> c325f2dfe320ed760ee367e93c7343e9
  custom:scripting/monoscript/fileName/DontDestroyBulletSound.cs: 27eea3d677e22602559315e38ece0ddf -> dd7f7a0f5da576c9bd042e2d999f2f87
  custom:container-demuxer-ogg: 62fdf1f143b41e24485cea50d1cbac27 -> 
  custom:video-codec-MediaFoundation-h265: 746d11721c4dcdbdad8f713fa42b33f4 -> 
  custom:video-decoder-ogg-theora: a1e56fd34408186e4bbccfd4996cb3dc -> 
  custom:framework-win-MediaFoundation: 216162199b28c13a410421893ffa2e32 -> 
  custom:scripting/monoscript/fileName/DontDestroyOnLoad.cs: dbe9367a862691b5385a97d4e47fc1de -> a20da4ab4d72b2746f62834b60d249c4
  custom:CustomObjectIndexerAttribute: 9a22284fe3817be447336de3de66b15e -> 
  custom:container-demuxer-webm: 4f35f7cbe854078d1ac9338744f61a02 -> 
  custom:scripting/monoscript/fileName/DestroyFence.cs: dff2e27bd40dcd712db6dd2d62a45775 -> d2cb84dacc9ca32d4ebb690c179d1209
  custom:scripting/monoscript/fileName/MusicAndSFX.cs: 8b341cf5e8717c7b42c626c10fc2d3f3 -> 2acc5be66e8488d65aa2bff625b76d27
  custom:container-muxer-webm: aa71ff27fc2769a1b78a27578f13a17b -> 
  custom:video-decoder-webm-vp8: 9c59270c3fd7afecdb556c50c9e8de78 -> 
  custom:SearchIndexIgnoredProperties: e643bd26f0fe6173181afceb89e7c659 -> 
  custom:AudioImporter_EditorPlatform: d09bf68614088b80899f8185d706f6e7 -> 
  custom:scripting/monoscript/fileName/quitApp.cs: 36ee526b8693548ceffa5fc433b4a867 -> d31e27c6ab3e83ab8d3efc5db2ce5f18
  custom:scripting/monoscript/fileName/DontDestroyMusic.cs: 19aa6f090a3fe0f598f9161c99a08d0b -> c9f401c9ab0c8c78ac8bf7528d8078a8
  custom:scripting/monoscript/fileName/NPCColor.cs: 93475bed20f9110d24f8617dcf8856d5 -> c58c305e85223665f6df19bf0e5b7c78
  custom:scripting/monoscript/fileName/PowerUp.cs: 742fbdfa71baaaf8faeb5cd15c97d499 -> f15b9ebfef18a6c65d9e3e5db527cf70
  custom:video-encoder-webm-vp8: eb34c28f22e8b96e1ab97ce403110664 -> 
  custom:audio-decoder-ogg-vorbis: bf7c407c2cedff20999df2af8eb42d56 -> 
  custom:scripting/monoscript/fileName/HidePanel.cs: 1dde27386449f34caff34fe63e0ff995 -> e5f118908a9613f24e84491e5a5e6fa3
  custom:scripting/monoscript/fileName/NPCConversation2.cs: b7ff32a5341aa45ddc588fb90d7d34e7 -> 3b596464fe8755d6a086a31a81d9d73e
  custom:scripting/monoscript/fileName/NPCConversation3.cs: 2136d3203dc14745cc5475c4a699eacd -> 347e1dd78763a0ecaac84b452b6b03ae
  custom:audio-encoder-webm-vorbis: bf7c407c2cedff20999df2af8eb42d56 -> 
  custom:scripting/monoscript/fileName/DestroyFenceAfterMeetingNPC.cs: 188bb86157f0f45efbb1747c0003b714 -> 5c6826ab649208ee32816bfc4453d142
Editor requested this worker to shutdown with reason: Scaling down because of idle timeout
TcpMessagingSession - receive error: operation aborted. errorcode: 995, details: The I/O operation has been aborted because of either a thread exit or an application request.
AssetImportWorker is now disconnected from the server
Process exiting
Exiting without the bug reporter. Application will terminate with return code 0